2019-02-15 10:23:34,439 - __main__ - INFO - ================= Start new run =================
2019-02-15 10:23:34,439 - __main__ - INFO - predictions/ann_predictions20190215_1023.csv
2019-02-15 10:35:02,381 - __main__ - INFO - Train AUC: 0.629	Test AUC: 0.628
2019-02-15 10:52:44,458 - __main__ - INFO - Train AUC: 0.647	Test AUC: 0.645
2019-02-15 11:33:29,311 - __main__ - INFO - Train AUC: 0.613	Test AUC: 0.612
2019-02-15 11:38:37,705 - __main__ - INFO - Train AUC: 0.743	Test AUC: 0.690
2019-02-15 11:40:30,136 - __main__ - INFO - Train AUC: 0.643	Test AUC: 0.642
2019-02-15 11:55:45,498 - __main__ - INFO - Train AUC: 0.597	Test AUC: 0.595
2019-02-15 11:57:28,873 - __main__ - INFO - Train AUC: 0.484	Test AUC: 0.488
2019-02-15 12:16:13,210 - __main__ - INFO - Train AUC: 0.600	Test AUC: 0.595
2019-02-15 12:20:06,123 - __main__ - INFO - Train AUC: 0.533	Test AUC: 0.527
2019-02-15 12:23:04,180 - __main__ - INFO - Train AUC: 0.654	Test AUC: 0.649
2019-02-15 12:25:20,439 - __main__ - INFO - Train AUC: 0.613	Test AUC: 0.613
2019-02-15 12:26:12,371 - __main__ - INFO - Train AUC: 0.645	Test AUC: 0.643
2019-02-15 12:31:01,967 - __main__ - INFO - Train AUC: 0.565	Test AUC: 0.569
2019-02-15 12:49:06,904 - __main__ - INFO - Train AUC: 0.644	Test AUC: 0.642
2019-02-15 13:02:15,469 - __main__ - INFO - Train AUC: 0.604	Test AUC: 0.603
2019-02-15 13:24:13,526 - __main__ - INFO - Train AUC: 0.626	Test AUC: 0.626
2019-02-15 13:29:51,656 - __main__ - INFO - Train AUC: 0.622	Test AUC: 0.621
2019-02-15 13:43:19,965 - __main__ - INFO - Train AUC: 0.708	Test AUC: 0.682
2019-02-15 13:52:28,257 - __main__ - INFO - Train AUC: 0.647	Test AUC: 0.645
2019-02-15 13:56:37,126 - __main__ - INFO - Train AUC: 0.646	Test AUC: 0.643
2019-02-15 14:17:19,714 - __main__ - INFO - Train AUC: 0.689	Test AUC: 0.678
2019-02-15 14:20:57,129 - __main__ - INFO - Train AUC: 0.735	Test AUC: 0.698
2019-02-15 14:23:13,944 - __main__ - INFO - Train AUC: 0.706	Test AUC: 0.682
2019-02-15 14:36:22,931 - __main__ - INFO - Train AUC: 0.712	Test AUC: 0.679
2019-02-15 14:38:29,723 - __main__ - INFO - Train AUC: 0.694	Test AUC: 0.680
2019-02-15 14:51:19,388 - __main__ - INFO - Train AUC: 0.699	Test AUC: 0.678
2019-02-15 14:55:06,531 - __main__ - INFO - Train AUC: 0.718	Test AUC: 0.686
2019-02-15 14:57:13,109 - __main__ - INFO - Train AUC: 0.699	Test AUC: 0.680
2019-02-15 15:13:38,636 - __main__ - INFO - Train AUC: 0.716	Test AUC: 0.684
2019-02-15 15:16:39,641 - __main__ - INFO - Train AUC: 0.697	Test AUC: 0.679
2019-02-15 15:27:19,087 - __main__ - INFO - Train AUC: 0.645	Test AUC: 0.643
2019-02-15 15:36:32,055 - __main__ - INFO - Train AUC: 0.698	Test AUC: 0.682
2019-02-15 15:43:06,422 - __main__ - INFO - Train AUC: 0.710	Test AUC: 0.703
2019-02-15 15:51:55,251 - __main__ - INFO - Train AUC: 0.708	Test AUC: 0.699
2019-02-15 15:57:36,912 - __main__ - INFO - Train AUC: 0.699	Test AUC: 0.695
2019-02-15 16:02:56,761 - __main__ - INFO - Train AUC: 0.691	Test AUC: 0.687
2019-02-15 16:08:55,425 - __main__ - INFO - Train AUC: 0.705	Test AUC: 0.700
2019-02-15 16:15:06,811 - __main__ - INFO - Train AUC: 0.703	Test AUC: 0.698
2019-02-15 16:23:24,577 - __main__ - INFO - Train AUC: 0.710	Test AUC: 0.698
2019-02-15 16:28:22,755 - __main__ - INFO - Train AUC: 0.705	Test AUC: 0.700
2019-02-15 16:35:24,419 - __main__ - INFO - Train AUC: 0.709	Test AUC: 0.701
2019-02-15 16:42:13,989 - __main__ - INFO - Train AUC: 0.708	Test AUC: 0.701
2019-02-15 16:56:22,579 - __main__ - INFO - Train AUC: 0.646	Test AUC: 0.644
2019-02-15 17:03:50,082 - __main__ - INFO - Train AUC: 0.647	Test AUC: 0.645
2019-02-15 17:17:32,844 - __main__ - INFO - Train AUC: 0.624	Test AUC: 0.625
2019-02-15 17:18:49,650 - __main__ - INFO - Train AUC: 0.474	Test AUC: 0.471
2019-02-15 17:24:51,934 - __main__ - INFO - Train AUC: 0.646	Test AUC: 0.642
2019-02-15 17:41:07,452 - __main__ - INFO - Train AUC: 0.646	Test AUC: 0.644
2019-02-15 17:42:20,038 - __main__ - INFO - Train AUC: 0.536	Test AUC: 0.536
2019-02-15 17:47:24,320 - __main__ - INFO - Train AUC: 0.704	Test AUC: 0.701
2019-02-15 17:54:44,593 - __main__ - INFO - Train AUC: 0.618	Test AUC: 0.617
2019-02-15 18:06:06,868 - __main__ - INFO - Train AUC: 0.652	Test AUC: 0.649
2019-02-15 18:10:32,364 - __main__ - INFO - Train AUC: 0.648	Test AUC: 0.646
2019-02-15 18:46:17,107 - __main__ - INFO - Train AUC: 0.626	Test AUC: 0.625
2019-02-15 18:50:23,180 - __main__ - INFO - Train AUC: 0.647	Test AUC: 0.646
2019-02-15 18:58:10,209 - __main__ - INFO - Train AUC: 0.706	Test AUC: 0.699
2019-02-15 18:59:15,010 - __main__ - INFO - Train AUC: 0.468	Test AUC: 0.467
2019-02-15 19:03:54,015 - __main__ - INFO - Train AUC: 0.644	Test AUC: 0.642
2019-02-15 19:08:14,998 - __main__ - INFO - Train AUC: 0.647	Test AUC: 0.645
2019-02-15 19:12:10,324 - __main__ - INFO - Train AUC: 0.693	Test AUC: 0.689
2019-02-15 19:25:30,039 - __main__ - INFO - Train AUC: 0.598	Test AUC: 0.599
2019-02-15 19:28:05,515 - __main__ - INFO - Train AUC: 0.675	Test AUC: 0.670
2019-02-15 19:35:04,184 - __main__ - INFO - Train AUC: 0.703	Test AUC: 0.697
2019-02-15 19:48:34,974 - __main__ - INFO - Train AUC: 0.647	Test AUC: 0.646
2019-02-15 20:00:50,903 - __main__ - INFO - Train AUC: 0.617	Test AUC: 0.616
2019-02-15 20:05:55,294 - __main__ - INFO - Train AUC: 0.704	Test AUC: 0.699
2019-02-15 20:14:04,235 - __main__ - INFO - Train AUC: 0.711	Test AUC: 0.703
2019-02-15 20:18:59,905 - __main__ - INFO - Train AUC: 0.703	Test AUC: 0.701
2019-02-15 20:24:54,326 - __main__ - INFO - Train AUC: 0.705	Test AUC: 0.698
2019-02-15 20:30:23,709 - __main__ - INFO - Train AUC: 0.706	Test AUC: 0.701
2019-02-15 20:35:58,994 - __main__ - INFO - Train AUC: 0.706	Test AUC: 0.701
2019-02-15 20:44:08,045 - __main__ - INFO - Train AUC: 0.710	Test AUC: 0.703
2019-02-15 20:51:10,909 - __main__ - INFO - Train AUC: 0.704	Test AUC: 0.700
2019-02-15 20:59:11,826 - __main__ - INFO - Train AUC: 0.712	Test AUC: 0.703
2019-02-15 21:06:30,653 - __main__ - INFO - Train AUC: 0.709	Test AUC: 0.705
2019-02-15 21:09:30,131 - __main__ - INFO - Train AUC: 0.642	Test AUC: 0.640
2019-02-15 21:15:52,318 - __main__ - INFO - Train AUC: 0.705	Test AUC: 0.699
2019-02-15 21:19:03,280 - __main__ - INFO - Train AUC: 0.646	Test AUC: 0.644
2019-02-15 21:23:08,489 - __main__ - INFO - Train AUC: 0.708	Test AUC: 0.678
2019-02-15 21:27:23,598 - __main__ - INFO - Train AUC: 0.695	Test AUC: 0.694
2019-02-15 21:39:44,771 - __main__ - INFO - Train AUC: 0.721	Test AUC: 0.700
2019-02-15 21:46:47,812 - __main__ - INFO - Train AUC: 0.709	Test AUC: 0.705
2019-02-15 21:51:10,846 - __main__ - INFO - Train AUC: 0.646	Test AUC: 0.643
2019-02-15 21:55:13,456 - __main__ - INFO - Train AUC: 0.617	Test AUC: 0.617
2019-02-15 22:05:46,523 - __main__ - INFO - Train AUC: 0.647	Test AUC: 0.645
2019-02-15 22:08:11,468 - __main__ - INFO - Train AUC: 0.643	Test AUC: 0.641
2019-02-15 22:14:25,184 - __main__ - INFO - Train AUC: 0.704	Test AUC: 0.699
2019-02-15 22:53:10,646 - __main__ - INFO - Train AUC: 0.622	Test AUC: 0.621
2019-02-15 23:00:54,585 - __main__ - INFO - Train AUC: 0.708	Test AUC: 0.703
2019-02-15 23:03:49,904 - __main__ - INFO - Train AUC: 0.700	Test AUC: 0.683
2019-02-15 23:16:58,886 - __main__ - INFO - Train AUC: 0.646	Test AUC: 0.644
2019-02-15 23:36:56,685 - __main__ - INFO - Train AUC: 0.624	Test AUC: 0.623
2019-02-15 23:42:42,735 - __main__ - INFO - Train AUC: 0.646	Test AUC: 0.644
2019-02-15 23:48:21,223 - __main__ - INFO - Train AUC: 0.702	Test AUC: 0.697
2019-02-16 00:06:32,396 - __main__ - INFO - Train AUC: 0.647	Test AUC: 0.644
2019-02-16 00:11:01,240 - __main__ - INFO - Train AUC: 0.717	Test AUC: 0.683
2019-02-16 00:13:39,878 - __main__ - INFO - Train AUC: 0.598	Test AUC: 0.596
2019-02-16 00:20:04,342 - __main__ - INFO - Train AUC: 0.714	Test AUC: 0.702
2019-02-16 00:25:16,636 - __main__ - INFO - Train AUC: 0.646	Test AUC: 0.644
2019-02-16 00:32:28,872 - __main__ - INFO - Train AUC: 0.646	Test AUC: 0.644
2019-02-16 00:38:07,757 - __main__ - INFO - Train AUC: 0.703	Test AUC: 0.700
2019-02-16 02:08:28,689 - __main__ - INFO - Train AUC: 0.622	Test AUC: 0.622
2019-02-16 02:11:52,923 - __main__ - INFO - Train AUC: 0.705	Test AUC: 0.681
2019-02-16 02:13:50,239 - __main__ - INFO - Train AUC: 0.646	Test AUC: 0.644
2019-02-16 02:20:01,400 - __main__ - INFO - Train AUC: 0.707	Test AUC: 0.700
2019-02-16 02:43:37,535 - __main__ - INFO - Train AUC: 0.665	Test AUC: 0.662
2019-02-16 03:16:14,716 - __main__ - INFO - Train AUC: 0.616	Test AUC: 0.614
2019-02-16 03:20:09,953 - __main__ - INFO - Train AUC: 0.699	Test AUC: 0.697
2019-02-16 03:27:37,519 - __main__ - INFO - Train AUC: 0.707	Test AUC: 0.702
2019-02-16 03:41:47,533 - __main__ - INFO - Train AUC: 0.646	Test AUC: 0.645
2019-02-16 03:47:56,076 - __main__ - INFO - Train AUC: 0.648	Test AUC: 0.645
2019-02-16 03:58:33,812 - __main__ - INFO - Train AUC: 0.615	Test AUC: 0.612
2019-02-16 04:00:28,909 - __main__ - INFO - Train AUC: 0.650	Test AUC: 0.648
2019-02-16 04:07:03,513 - __main__ - INFO - Train AUC: 0.647	Test AUC: 0.644
2019-02-16 04:13:22,216 - __main__ - INFO - Train AUC: 0.706	Test AUC: 0.700
2019-02-16 04:19:31,759 - __main__ - INFO - Train AUC: 0.644	Test AUC: 0.642
2019-02-16 04:32:06,895 - __main__ - INFO - Train AUC: 0.631	Test AUC: 0.631
2019-02-16 04:48:04,105 - __main__ - INFO - Train AUC: 0.646	Test AUC: 0.644
2019-02-16 04:52:48,922 - __main__ - INFO - Train AUC: 0.727	Test AUC: 0.691
2019-02-16 04:58:18,997 - __main__ - INFO - Train AUC: 0.703	Test AUC: 0.700
2019-02-16 04:59:14,253 - __main__ - INFO - Train AUC: 0.646	Test AUC: 0.643
2019-02-16 05:32:34,784 - __main__ - INFO - Train AUC: 0.634	Test AUC: 0.633
2019-02-16 05:39:14,662 - __main__ - INFO - Train AUC: 0.704	Test AUC: 0.700
2019-02-16 05:45:56,601 - __main__ - INFO - Train AUC: 0.645	Test AUC: 0.643
2019-02-16 05:52:56,618 - __main__ - INFO - Train AUC: 0.647	Test AUC: 0.645
2019-02-16 06:13:29,536 - __main__ - INFO - Train AUC: 0.710	Test AUC: 0.684
2019-02-16 06:29:06,129 - __main__ - INFO - Train AUC: 0.611	Test AUC: 0.609
2019-02-16 06:31:07,041 - __main__ - INFO - Train AUC: 0.645	Test AUC: 0.642
2019-02-16 06:32:25,191 - __main__ - INFO - Train AUC: 0.648	Test AUC: 0.647
2019-02-16 06:37:03,701 - __main__ - INFO - Train AUC: 0.645	Test AUC: 0.642
2019-02-16 06:43:41,840 - __main__ - INFO - Train AUC: 0.707	Test AUC: 0.702
2019-02-16 06:48:43,950 - __main__ - INFO - Train AUC: 0.534	Test AUC: 0.529
2019-02-16 06:53:02,891 - __main__ - INFO - Train AUC: 0.724	Test AUC: 0.687
2019-02-16 07:01:28,306 - __main__ - INFO - Train AUC: 0.642	Test AUC: 0.640
2019-02-16 07:03:42,452 - __main__ - INFO - Train AUC: 0.646	Test AUC: 0.644
2019-02-16 07:07:57,084 - __main__ - INFO - Train AUC: 0.689	Test AUC: 0.687
2019-02-16 07:20:18,961 - __main__ - INFO - Train AUC: 0.614	Test AUC: 0.614
2019-02-16 07:21:40,298 - __main__ - INFO - Train AUC: 0.646	Test AUC: 0.644
2019-02-16 07:26:01,415 - __main__ - INFO - Train AUC: 0.647	Test AUC: 0.644
2019-02-16 07:34:54,505 - __main__ - INFO - Train AUC: 0.699	Test AUC: 0.681
2019-02-16 07:43:18,602 - __main__ - INFO - Train AUC: 0.645	Test AUC: 0.643
2019-02-16 07:58:11,476 - __main__ - INFO - Train AUC: 0.643	Test AUC: 0.642
2019-02-16 07:59:52,804 - __main__ - INFO - Train AUC: 0.646	Test AUC: 0.645
2019-02-16 08:11:06,475 - __main__ - INFO - Train AUC: 0.646	Test AUC: 0.644
2019-02-16 08:18:16,937 - __main__ - INFO - Train AUC: 0.709	Test AUC: 0.703
2019-02-16 08:23:21,344 - __main__ - INFO - Train AUC: 0.703	Test AUC: 0.700
2019-02-16 08:28:44,337 - __main__ - INFO - Train AUC: 0.703	Test AUC: 0.700
2019-02-16 08:36:20,232 - __main__ - INFO - Train AUC: 0.708	Test AUC: 0.703
2019-02-16 08:41:25,862 - __main__ - INFO - Train AUC: 0.699	Test AUC: 0.697
2019-02-16 08:46:56,059 - __main__ - INFO - Train AUC: 0.702	Test AUC: 0.698
2019-02-16 08:54:41,028 - __main__ - INFO - Train AUC: 0.706	Test AUC: 0.701
2019-02-16 09:03:52,055 - __main__ - INFO - Train AUC: 0.711	Test AUC: 0.703
2019-02-16 09:09:56,075 - __main__ - INFO - Train AUC: 0.704	Test AUC: 0.700
2019-02-16 09:17:16,151 - __main__ - INFO - Train AUC: 0.707	Test AUC: 0.703
2019-02-16 09:22:20,402 - __main__ - INFO - Train AUC: 0.703	Test AUC: 0.699
2019-02-16 09:29:39,570 - __main__ - INFO - Train AUC: 0.708	Test AUC: 0.702
2019-02-16 09:34:53,969 - __main__ - INFO - Train AUC: 0.696	Test AUC: 0.693
2019-02-16 09:41:36,364 - __main__ - INFO - Train AUC: 0.679	Test AUC: 0.674
2019-02-16 09:47:23,490 - __main__ - INFO - Train AUC: 0.644	Test AUC: 0.642
2019-02-16 09:52:38,535 - __main__ - INFO - Train AUC: 0.737	Test AUC: 0.687
2019-02-16 10:01:56,508 - __main__ - INFO - Train AUC: 0.711	Test AUC: 0.705
2019-02-16 10:14:40,734 - __main__ - INFO - Train AUC: 0.646	Test AUC: 0.645
2019-02-16 10:17:34,662 - __main__ - INFO - Train AUC: 0.647	Test AUC: 0.644
2019-02-16 10:26:29,092 - __main__ - INFO - Train AUC: 0.709	Test AUC: 0.703
2019-02-16 10:49:09,549 - __main__ - INFO - Train AUC: 0.608	Test AUC: 0.608
2019-02-16 10:54:58,418 - __main__ - INFO - Train AUC: 0.702	Test AUC: 0.699
2019-02-16 10:58:39,698 - __main__ - INFO - Train AUC: 0.646	Test AUC: 0.643
2019-02-16 11:01:47,945 - __main__ - INFO - Train AUC: 0.701	Test AUC: 0.681
2019-02-16 11:16:28,123 - __main__ - INFO - Train AUC: 0.652	Test AUC: 0.649
2019-02-16 11:22:23,340 - __main__ - INFO - Train AUC: 0.610	Test AUC: 0.610
2019-02-16 11:36:37,595 - __main__ - INFO - Train AUC: 0.646	Test AUC: 0.644
2019-02-16 11:43:05,961 - __main__ - INFO - Train AUC: 0.704	Test AUC: 0.697
2019-02-16 11:49:09,990 - __main__ - INFO - Train AUC: 0.704	Test AUC: 0.703
2019-02-16 12:08:49,089 - __main__ - INFO - Train AUC: 0.648	Test AUC: 0.646
2019-02-16 12:14:27,303 - __main__ - INFO - Train AUC: 0.704	Test AUC: 0.700
2019-02-16 12:27:44,873 - __main__ - INFO - Train AUC: 0.604	Test AUC: 0.603
2019-02-16 12:29:10,243 - __main__ - INFO - Train AUC: 0.647	Test AUC: 0.645
2019-02-16 12:30:55,427 - __main__ - INFO - Train AUC: 0.642	Test AUC: 0.639
2019-02-16 12:35:50,430 - __main__ - INFO - Train AUC: 0.644	Test AUC: 0.642
2019-02-16 12:41:36,232 - __main__ - INFO - Train AUC: 0.706	Test AUC: 0.704
2019-02-16 12:51:14,290 - __main__ - INFO - Train AUC: 0.646	Test AUC: 0.645
2019-02-16 12:52:16,501 - __main__ - INFO - Train AUC: 0.510	Test AUC: 0.509
2019-02-16 12:57:00,580 - __main__ - INFO - Train AUC: 0.711	Test AUC: 0.702
2019-02-16 13:13:24,422 - __main__ - INFO - Train AUC: 0.705	Test AUC: 0.682
2019-02-16 13:17:47,491 - __main__ - INFO - Train AUC: 0.708	Test AUC: 0.701
2019-02-16 13:20:08,389 - __main__ - INFO - Train AUC: 0.645	Test AUC: 0.643
2019-02-16 13:27:25,584 - __main__ - INFO - Train AUC: 0.709	Test AUC: 0.702
2019-02-16 13:31:29,393 - __main__ - INFO - Train AUC: 0.616	Test AUC: 0.615
2019-02-16 13:36:00,647 - __main__ - INFO - Train AUC: 0.645	Test AUC: 0.644
2019-02-16 13:44:12,405 - __main__ - INFO - Train AUC: 0.717	Test AUC: 0.703
2019-02-16 13:59:55,266 - __main__ - INFO - Train AUC: 0.647	Test AUC: 0.644
2019-02-16 14:04:09,280 - __main__ - INFO - Train AUC: 0.736	Test AUC: 0.695
2019-02-16 14:11:53,102 - __main__ - INFO - Train AUC: 0.712	Test AUC: 0.701
2019-02-16 15:02:59,872 - __main__ - INFO - Train AUC: 0.624	Test AUC: 0.622
2019-02-16 15:10:27,336 - __main__ - INFO - Train AUC: 0.709	Test AUC: 0.701
2019-02-16 15:14:36,256 - __main__ - INFO - Train AUC: 0.702	Test AUC: 0.699
2019-02-16 15:19:51,202 - __main__ - INFO - Train AUC: 0.704	Test AUC: 0.700
2019-02-16 15:22:43,722 - __main__ - INFO - Train AUC: 0.662	Test AUC: 0.659
2019-02-16 15:28:14,105 - __main__ - INFO - Train AUC: 0.644	Test AUC: 0.642
2019-02-16 15:36:28,281 - __main__ - INFO - Train AUC: 0.610	Test AUC: 0.609
2019-02-16 15:52:29,425 - __main__ - INFO - Train AUC: 0.650	Test AUC: 0.647
2019-02-16 15:58:18,010 - __main__ - INFO - Train AUC: 0.702	Test AUC: 0.701
2019-02-16 15:59:59,652 - __main__ - INFO - Train AUC: 0.645	Test AUC: 0.644
2019-02-16 16:09:31,473 - __main__ - INFO - Train AUC: 0.646	Test AUC: 0.643
2019-02-16 16:17:49,824 - __main__ - INFO - Train AUC: 0.710	Test AUC: 0.704
2019-02-16 16:29:41,148 - __main__ - INFO - Train AUC: 0.637	Test AUC: 0.634
2019-02-16 16:34:44,563 - __main__ - INFO - Train AUC: 0.647	Test AUC: 0.644
2019-02-16 16:38:01,155 - __main__ - INFO - Train AUC: 0.703	Test AUC: 0.683
2019-02-16 16:48:14,078 - __main__ - INFO - Train AUC: 0.648	Test AUC: 0.646
2019-02-16 16:54:19,756 - __main__ - INFO - Train AUC: 0.703	Test AUC: 0.699
2019-02-16 17:05:52,153 - __main__ - INFO - Train AUC: 0.647	Test AUC: 0.645
2019-02-16 17:16:58,608 - __main__ - INFO - Train AUC: 0.644	Test AUC: 0.643
2019-02-16 17:21:58,668 - __main__ - INFO - Train AUC: 0.700	Test AUC: 0.694
2019-02-16 17:27:09,339 - __main__ - INFO - Train AUC: 0.705	Test AUC: 0.701
2019-02-16 17:48:13,761 - __main__ - INFO - Train AUC: 0.647	Test AUC: 0.645
2019-02-16 17:53:20,226 - __main__ - INFO - Train AUC: 0.732	Test AUC: 0.686
2019-02-16 18:12:43,824 - __main__ - INFO - Train AUC: 0.695	Test AUC: 0.693
2019-02-16 18:20:59,312 - __main__ - INFO - Train AUC: 0.617	Test AUC: 0.616
2019-02-16 18:26:45,615 - __main__ - INFO - Train AUC: 0.646	Test AUC: 0.645
2019-02-16 18:31:54,146 - __main__ - INFO - Train AUC: 0.707	Test AUC: 0.702
2019-02-16 18:46:40,382 - __main__ - INFO - Train AUC: 0.648	Test AUC: 0.645
2019-02-16 18:51:36,569 - __main__ - INFO - Train AUC: 0.701	Test AUC: 0.699
2019-02-16 18:55:02,934 - __main__ - INFO - Train AUC: 0.647	Test AUC: 0.644
2019-02-16 19:10:40,210 - __main__ - INFO - Train AUC: 0.641	Test AUC: 0.638
2019-02-16 19:29:19,632 - __main__ - INFO - Train AUC: 0.648	Test AUC: 0.646
2019-02-16 19:34:12,410 - __main__ - INFO - Train AUC: 0.704	Test AUC: 0.701
2019-02-16 19:36:45,392 - __main__ - INFO - Train AUC: 0.646	Test AUC: 0.644
2019-02-16 19:38:03,382 - __main__ - INFO - Train AUC: 0.647	Test AUC: 0.645
2019-02-16 19:42:58,507 - __main__ - INFO - Train AUC: 0.646	Test AUC: 0.644
2019-02-16 19:57:23,229 - __main__ - INFO - Train AUC: 0.625	Test AUC: 0.623
2019-02-16 20:13:09,021 - __main__ - INFO - Train AUC: 0.647	Test AUC: 0.644
2019-02-16 20:18:57,497 - __main__ - INFO - Train AUC: 0.736	Test AUC: 0.692
2019-02-16 20:26:51,735 - __main__ - INFO - Train AUC: 0.713	Test AUC: 0.702
2019-02-16 20:32:30,010 - __main__ - INFO - Train AUC: 0.704	Test AUC: 0.701
2019-02-16 20:42:08,302 - __main__ - INFO - Train AUC: 0.645	Test AUC: 0.644
2019-02-16 20:54:04,144 - __main__ - INFO - Train AUC: 0.630	Test AUC: 0.629
2019-02-16 21:00:57,519 - __main__ - INFO - Train AUC: 0.707	Test AUC: 0.703
2019-02-16 21:02:26,432 - __main__ - INFO - Train AUC: 0.647	Test AUC: 0.645
2019-02-16 21:06:14,270 - __main__ - INFO - Train AUC: 0.646	Test AUC: 0.643
2019-02-16 21:17:18,151 - __main__ - INFO - Train AUC: 0.707	Test AUC: 0.681
2019-02-16 21:24:08,280 - __main__ - INFO - Train AUC: 0.645	Test AUC: 0.644
2019-02-16 21:41:24,178 - __main__ - INFO - Train AUC: 0.624	Test AUC: 0.622
2019-02-16 21:42:43,760 - __main__ - INFO - Train AUC: 0.643	Test AUC: 0.642
2019-02-16 21:47:45,980 - __main__ - INFO - Train AUC: 0.706	Test AUC: 0.701
2019-02-16 22:15:17,182 - __main__ - INFO - Train AUC: 0.675	Test AUC: 0.672
2019-02-16 22:21:47,698 - __main__ - INFO - Train AUC: 0.704	Test AUC: 0.699
2019-02-16 22:26:25,933 - __main__ - INFO - Train AUC: 0.647	Test AUC: 0.645
2019-02-16 22:30:46,128 - __main__ - INFO - Train AUC: 0.620	Test AUC: 0.618
2019-02-16 22:40:16,037 - __main__ - INFO - Train AUC: 0.720	Test AUC: 0.706
2019-02-16 23:20:37,877 - __main__ - INFO - Train AUC: 0.683	Test AUC: 0.677
2019-02-16 23:24:55,944 - __main__ - INFO - Train AUC: 0.701	Test AUC: 0.697
2019-02-16 23:40:40,013 - __main__ - INFO - Train AUC: 0.647	Test AUC: 0.644
2019-02-16 23:46:23,572 - __main__ - INFO - Train AUC: 0.705	Test AUC: 0.698
2019-02-16 23:55:22,764 - __main__ - INFO - Train AUC: 0.715	Test AUC: 0.702
2019-02-17 00:29:40,376 - __main__ - INFO - Train AUC: 0.623	Test AUC: 0.621
2019-02-17 00:35:25,942 - __main__ - INFO - Train AUC: 0.707	Test AUC: 0.703
2019-02-17 00:38:32,758 - __main__ - INFO - Train AUC: 0.722	Test AUC: 0.696
2019-02-17 00:47:15,564 - __main__ - INFO - Train AUC: 0.717	Test AUC: 0.705
2019-02-17 00:51:09,622 - __main__ - INFO - Train AUC: 0.700	Test AUC: 0.697
2019-02-17 00:57:37,873 - __main__ - INFO - Train AUC: 0.709	Test AUC: 0.703
2019-02-17 01:01:32,560 - __main__ - INFO - Train AUC: 0.699	Test AUC: 0.697
2019-02-17 01:08:06,548 - __main__ - INFO - Train AUC: 0.711	Test AUC: 0.705
2019-02-17 01:11:52,277 - __main__ - INFO - Train AUC: 0.704	Test AUC: 0.701
2019-02-17 01:17:10,917 - __main__ - INFO - Train AUC: 0.706	Test AUC: 0.701
2019-02-17 01:24:29,376 - __main__ - INFO - Train AUC: 0.710	Test AUC: 0.703
2019-02-17 01:28:30,390 - __main__ - INFO - Train AUC: 0.701	Test AUC: 0.700
2019-02-17 01:32:08,332 - __main__ - INFO - Train AUC: 0.702	Test AUC: 0.699
2019-02-17 01:36:01,770 - __main__ - INFO - Train AUC: 0.700	Test AUC: 0.697
2019-02-17 01:43:28,639 - __main__ - INFO - Train AUC: 0.712	Test AUC: 0.702
2019-02-17 01:48:23,715 - __main__ - INFO - Train AUC: 0.702	Test AUC: 0.698
2019-02-17 01:53:33,040 - __main__ - INFO - Train AUC: 0.709	Test AUC: 0.703
2019-02-17 01:57:38,986 - __main__ - INFO - Train AUC: 0.704	Test AUC: 0.700
2019-02-17 01:59:59,773 - __main__ - INFO - Train AUC: 0.656	Test AUC: 0.653
2019-02-17 02:03:40,872 - __main__ - INFO - Train AUC: 0.703	Test AUC: 0.700
2019-02-17 02:09:48,775 - __main__ - INFO - Train AUC: 0.646	Test AUC: 0.645
2019-02-17 02:15:52,223 - __main__ - INFO - Train AUC: 0.709	Test AUC: 0.703
2019-02-17 02:22:03,185 - __main__ - INFO - Train AUC: 0.644	Test AUC: 0.642
2019-02-17 02:27:41,001 - __main__ - INFO - Train AUC: 0.708	Test AUC: 0.702
2019-02-17 02:33:40,147 - __main__ - INFO - Train AUC: 0.707	Test AUC: 0.700
2019-02-17 02:50:06,521 - __main__ - INFO - Train AUC: 0.646	Test AUC: 0.644
2019-02-17 02:55:53,159 - __main__ - INFO - Train AUC: 0.706	Test AUC: 0.700
2019-02-17 03:00:23,052 - __main__ - INFO - Train AUC: 0.646	Test AUC: 0.643
2019-02-17 03:06:03,206 - __main__ - INFO - Train AUC: 0.734	Test AUC: 0.695
2019-02-17 03:10:12,058 - __main__ - INFO - Train AUC: 0.624	Test AUC: 0.624
2019-02-17 03:15:37,125 - __main__ - INFO - Train AUC: 0.646	Test AUC: 0.644
2019-02-17 03:18:01,250 - __main__ - INFO - Train AUC: 0.644	Test AUC: 0.642
2019-02-17 03:27:39,891 - __main__ - INFO - Train AUC: 0.646	Test AUC: 0.644
2019-02-17 03:34:47,278 - __main__ - INFO - Train AUC: 0.710	Test AUC: 0.703
2019-02-17 03:43:16,575 - __main__ - INFO - Train AUC: 0.708	Test AUC: 0.701
2019-02-17 03:44:59,790 - __main__ - INFO - Train AUC: 0.462	Test AUC: 0.464
2019-02-17 04:09:24,347 - __main__ - INFO - Train AUC: 0.648	Test AUC: 0.646
2019-02-17 04:12:58,097 - __main__ - INFO - Train AUC: 0.720	Test AUC: 0.690
2019-02-17 04:20:27,853 - __main__ - INFO - Train AUC: 0.707	Test AUC: 0.701
2019-02-17 04:27:38,454 - __main__ - INFO - Train AUC: 0.710	Test AUC: 0.701
2019-02-17 04:29:48,341 - __main__ - INFO - Train AUC: 0.647	Test AUC: 0.645
2019-02-17 04:33:37,021 - __main__ - INFO - Train AUC: 0.644	Test AUC: 0.642
2019-02-17 04:46:59,876 - __main__ - INFO - Train AUC: 0.620	Test AUC: 0.618
2019-02-17 04:59:13,803 - __main__ - INFO - Train AUC: 0.647	Test AUC: 0.645
2019-02-17 05:04:17,181 - __main__ - INFO - Train AUC: 0.647	Test AUC: 0.644
2019-02-17 05:09:48,380 - __main__ - INFO - Train AUC: 0.694	Test AUC: 0.689
2019-02-17 05:12:42,182 - __main__ - INFO - Train AUC: 0.712	Test AUC: 0.694
2019-02-17 05:25:04,847 - __main__ - INFO - Train AUC: 0.646	Test AUC: 0.643
2019-02-17 05:31:25,161 - __main__ - INFO - Train AUC: 0.705	Test AUC: 0.700
2019-02-17 05:38:21,507 - __main__ - INFO - Train AUC: 0.631	Test AUC: 0.628
2019-02-17 05:42:14,332 - __main__ - INFO - Train AUC: 0.706	Test AUC: 0.701
2019-02-17 05:43:19,635 - __main__ - INFO - Train AUC: 0.646	Test AUC: 0.644
2019-02-17 05:49:33,501 - __main__ - INFO - Train AUC: 0.704	Test AUC: 0.698
2019-02-17 05:57:17,534 - __main__ - INFO - Train AUC: 0.646	Test AUC: 0.644
2019-02-17 06:31:39,035 - __main__ - INFO - Train AUC: 0.664	Test AUC: 0.662
2019-02-17 06:36:54,624 - __main__ - INFO - Train AUC: 0.742	Test AUC: 0.686
2019-02-17 06:45:19,972 - __main__ - INFO - Train AUC: 0.619	Test AUC: 0.618
2019-02-17 06:51:16,750 - __main__ - INFO - Train AUC: 0.700	Test AUC: 0.697
2019-02-17 06:59:47,874 - __main__ - INFO - Train AUC: 0.645	Test AUC: 0.642
2019-02-17 07:03:50,795 - __main__ - INFO - Train AUC: 0.707	Test AUC: 0.702
2019-02-17 07:09:49,498 - __main__ - INFO - Train AUC: 0.708	Test AUC: 0.702
2019-02-17 07:14:00,086 - __main__ - INFO - Train AUC: 0.702	Test AUC: 0.700
2019-02-17 07:18:47,403 - __main__ - INFO - Train AUC: 0.645	Test AUC: 0.643
2019-02-17 07:24:13,616 - __main__ - INFO - Train AUC: 0.624	Test AUC: 0.622
2019-02-17 07:29:55,121 - __main__ - INFO - Train AUC: 0.734	Test AUC: 0.683
2019-02-17 07:39:32,931 - __main__ - INFO - Train AUC: 0.646	Test AUC: 0.644
2019-02-17 07:43:45,174 - __main__ - INFO - Train AUC: 0.702	Test AUC: 0.699
2019-02-17 07:45:31,943 - __main__ - INFO - Train AUC: 0.645	Test AUC: 0.643
2019-02-17 07:51:10,757 - __main__ - INFO - Train AUC: 0.703	Test AUC: 0.701
2019-02-17 08:05:19,632 - __main__ - INFO - Train AUC: 0.646	Test AUC: 0.644
2019-02-17 08:17:13,178 - __main__ - INFO - Train AUC: 0.633	Test AUC: 0.632
2019-02-17 08:21:10,021 - __main__ - INFO - Train AUC: 0.646	Test AUC: 0.643
2019-02-17 08:27:54,272 - __main__ - INFO - Train AUC: 0.707	Test AUC: 0.702
2019-02-17 08:32:25,674 - __main__ - INFO - Train AUC: 0.704	Test AUC: 0.682
2019-02-17 08:37:02,941 - __main__ - INFO - Train AUC: 0.707	Test AUC: 0.701
2019-02-17 08:42:14,755 - __main__ - INFO - Train AUC: 0.646	Test AUC: 0.644
2019-02-17 08:44:38,298 - __main__ - INFO - Train AUC: 0.644	Test AUC: 0.642
2019-02-17 09:00:11,475 - __main__ - INFO - Train AUC: 0.624	Test AUC: 0.624
2019-02-17 09:05:45,980 - __main__ - INFO - Train AUC: 0.704	Test AUC: 0.698
2019-02-17 09:09:17,761 - __main__ - INFO - Train AUC: 0.700	Test AUC: 0.697
2019-02-17 09:23:29,359 - __main__ - INFO - Train AUC: 0.646	Test AUC: 0.644
2019-02-17 09:28:50,490 - __main__ - INFO - Train AUC: 0.703	Test AUC: 0.698
2019-02-17 09:32:22,116 - __main__ - INFO - Train AUC: 0.709	Test AUC: 0.692
2019-02-17 09:37:11,573 - __main__ - INFO - Train AUC: 0.705	Test AUC: 0.700
2019-02-17 09:44:11,007 - __main__ - INFO - Train AUC: 0.614	Test AUC: 0.611
2019-02-17 09:46:15,520 - __main__ - INFO - Train AUC: 0.647	Test AUC: 0.646
2019-02-17 09:54:15,166 - __main__ - INFO - Train AUC: 0.647	Test AUC: 0.645
2019-02-17 10:00:03,256 - __main__ - INFO - Train AUC: 0.700	Test AUC: 0.697
2019-02-17 10:11:06,450 - __main__ - INFO - Train AUC: 0.647	Test AUC: 0.645
2019-02-17 10:15:36,484 - __main__ - INFO - Train AUC: 0.649	Test AUC: 0.647
2019-02-17 10:20:13,160 - __main__ - INFO - Train AUC: 0.703	Test AUC: 0.700
2019-02-17 10:52:03,112 - __main__ - INFO - Train AUC: 0.619	Test AUC: 0.617
2019-02-17 10:56:11,880 - __main__ - INFO - Train AUC: 0.707	Test AUC: 0.702
2019-02-17 11:03:17,966 - __main__ - INFO - Train AUC: 0.707	Test AUC: 0.701
2019-02-17 11:07:01,841 - __main__ - INFO - Train AUC: 0.646	Test AUC: 0.644
2019-02-17 11:08:36,542 - __main__ - INFO - Train AUC: 0.650	Test AUC: 0.647
2019-02-17 11:13:57,633 - __main__ - INFO - Train AUC: 0.699	Test AUC: 0.695
2019-02-17 11:33:25,861 - __main__ - INFO - Train AUC: 0.664	Test AUC: 0.662
2019-02-17 11:35:09,763 - __main__ - INFO - Train AUC: 0.459	Test AUC: 0.468
2019-02-17 12:02:10,411 - __main__ - INFO - Train AUC: 0.657	Test AUC: 0.654
2019-02-17 12:06:14,322 - __main__ - INFO - Train AUC: 0.720	Test AUC: 0.692
2019-02-17 12:10:37,910 - __main__ - INFO - Train AUC: 0.698	Test AUC: 0.694
2019-02-17 12:27:09,207 - __main__ - INFO - Train AUC: 0.647	Test AUC: 0.645
2019-02-17 12:32:55,970 - __main__ - INFO - Train AUC: 0.705	Test AUC: 0.700
2019-02-17 12:36:31,617 - __main__ - INFO - Train AUC: 0.647	Test AUC: 0.644
2019-02-17 12:44:49,869 - __main__ - INFO - Train AUC: 0.710	Test AUC: 0.703
2019-02-17 12:50:23,603 - __main__ - INFO - Train AUC: 0.617	Test AUC: 0.615
2019-02-17 12:58:10,609 - __main__ - INFO - Train AUC: 0.648	Test AUC: 0.645
2019-02-17 13:17:37,685 - __main__ - INFO - Train AUC: 0.675	Test AUC: 0.671
2019-02-17 13:22:21,868 - __main__ - INFO - Train AUC: 0.729	Test AUC: 0.688
2019-02-17 13:32:07,398 - __main__ - INFO - Train AUC: 0.647	Test AUC: 0.645
2019-02-17 13:36:24,426 - __main__ - INFO - Train AUC: 0.705	Test AUC: 0.702
2019-02-17 13:40:28,176 - __main__ - INFO - Train AUC: 0.647	Test AUC: 0.645
2019-02-17 13:50:20,782 - __main__ - INFO - Train AUC: 0.619	Test AUC: 0.617
2019-02-17 14:06:13,761 - __main__ - INFO - Train AUC: 0.646	Test AUC: 0.644
2019-02-17 14:13:58,485 - __main__ - INFO - Train AUC: 0.714	Test AUC: 0.703
2019-02-17 14:20:15,752 - __main__ - INFO - Train AUC: 0.708	Test AUC: 0.700
2019-02-17 14:23:21,356 - __main__ - INFO - Train AUC: 0.648	Test AUC: 0.645
2019-02-17 14:27:30,653 - __main__ - INFO - Train AUC: 0.731	Test AUC: 0.700
2019-02-17 14:30:53,607 - __main__ - INFO - Train AUC: 0.642	Test AUC: 0.641
2019-02-17 14:37:34,441 - __main__ - INFO - Train AUC: 0.620	Test AUC: 0.619
2019-02-17 14:47:57,539 - __main__ - INFO - Train AUC: 0.647	Test AUC: 0.644
2019-02-17 14:51:47,234 - __main__ - INFO - Train AUC: 0.700	Test AUC: 0.697
2019-02-17 14:58:39,921 - __main__ - INFO - Train AUC: 0.714	Test AUC: 0.703
2019-02-17 15:05:40,881 - __main__ - INFO - Train AUC: 0.708	Test AUC: 0.704
2019-02-17 15:23:08,294 - __main__ - INFO - Train AUC: 0.649	Test AUC: 0.646
2019-02-17 15:29:01,953 - __main__ - INFO - Train AUC: 0.647	Test AUC: 0.644
2019-02-17 15:38:38,847 - __main__ - INFO - Train AUC: 0.597	Test AUC: 0.595
2019-02-17 15:39:57,403 - __main__ - INFO - Train AUC: 0.647	Test AUC: 0.645
2019-02-17 15:47:27,642 - __main__ - INFO - Train AUC: 0.706	Test AUC: 0.701
2019-02-17 15:52:56,548 - __main__ - INFO - Train AUC: 0.645	Test AUC: 0.644
2019-02-17 15:58:37,421 - __main__ - INFO - Train AUC: 0.702	Test AUC: 0.697
2019-02-17 16:11:40,655 - __main__ - INFO - Train AUC: 0.647	Test AUC: 0.646
2019-02-17 16:17:35,748 - __main__ - INFO - Train AUC: 0.704	Test AUC: 0.700
2019-02-17 16:24:43,721 - __main__ - INFO - Train AUC: 0.611	Test AUC: 0.611
2019-02-17 16:31:48,005 - __main__ - INFO - Train AUC: 0.656	Test AUC: 0.652
2019-02-17 16:47:48,740 - __main__ - INFO - Train AUC: 0.701	Test AUC: 0.682
2019-02-17 16:54:04,890 - __main__ - INFO - Train AUC: 0.718	Test AUC: 0.701
2019-02-17 16:59:25,387 - __main__ - INFO - Train AUC: 0.710	Test AUC: 0.704
2019-02-17 17:00:29,722 - __main__ - INFO - Train AUC: 0.646	Test AUC: 0.644
2019-02-17 17:07:16,918 - __main__ - INFO - Train AUC: 0.705	Test AUC: 0.700
2019-02-17 17:44:40,152 - __main__ - INFO - Train AUC: 0.632	Test AUC: 0.631
2019-02-17 17:49:31,193 - __main__ - INFO - Train AUC: 0.705	Test AUC: 0.702
2019-02-17 17:54:54,019 - __main__ - INFO - Train AUC: 0.640	Test AUC: 0.638
2019-02-17 17:59:48,551 - __main__ - INFO - Train AUC: 0.647	Test AUC: 0.644
2019-02-17 18:06:55,655 - __main__ - INFO - Train AUC: 0.713	Test AUC: 0.703
2019-02-17 18:10:51,829 - __main__ - INFO - Train AUC: 0.708	Test AUC: 0.681
2019-02-17 18:16:43,821 - __main__ - INFO - Train AUC: 0.708	Test AUC: 0.703
2019-02-17 18:22:13,193 - __main__ - INFO - Train AUC: 0.707	Test AUC: 0.700
2019-02-17 18:27:43,512 - __main__ - INFO - Train AUC: 0.709	Test AUC: 0.701
2019-02-17 18:33:40,293 - __main__ - INFO - Train AUC: 0.704	Test AUC: 0.701
2019-02-17 18:39:28,165 - __main__ - INFO - Train AUC: 0.708	Test AUC: 0.703
2019-02-17 18:44:10,993 - __main__ - INFO - Train AUC: 0.703	Test AUC: 0.699
2019-02-17 18:50:44,624 - __main__ - INFO - Train AUC: 0.711	Test AUC: 0.703
2019-02-17 18:53:18,435 - __main__ - INFO - Train AUC: 0.696	Test AUC: 0.694
2019-02-17 18:58:27,193 - __main__ - INFO - Train AUC: 0.707	Test AUC: 0.701
2019-02-17 19:05:59,337 - __main__ - INFO - Train AUC: 0.722	Test AUC: 0.703
2019-02-17 19:10:28,088 - __main__ - INFO - Train AUC: 0.709	Test AUC: 0.703
2019-02-17 19:16:31,574 - __main__ - INFO - Train AUC: 0.708	Test AUC: 0.701
2019-02-17 19:24:10,086 - __main__ - INFO - Train AUC: 0.712	Test AUC: 0.702
2019-02-17 19:29:25,906 - __main__ - INFO - Train AUC: 0.707	Test AUC: 0.701
2019-02-17 19:32:51,071 - __main__ - INFO - Train AUC: 0.698	Test AUC: 0.698
2019-02-17 19:40:11,524 - __main__ - INFO - Train AUC: 0.713	Test AUC: 0.701
2019-02-17 19:45:06,710 - __main__ - INFO - Train AUC: 0.704	Test AUC: 0.700
2019-02-17 19:50:01,135 - __main__ - INFO - Train AUC: 0.703	Test AUC: 0.700
2019-02-17 19:56:56,294 - __main__ - INFO - Train AUC: 0.716	Test AUC: 0.702
2019-02-17 20:11:38,072 - __main__ - INFO - Train AUC: 0.646	Test AUC: 0.644
2019-02-17 20:16:10,044 - __main__ - INFO - Train AUC: 0.704	Test AUC: 0.700
2019-02-17 20:19:48,794 - __main__ - INFO - Train AUC: 0.699	Test AUC: 0.697
2019-02-17 20:26:16,631 - __main__ - INFO - Train AUC: 0.710	Test AUC: 0.703
2019-02-17 20:27:35,050 - __main__ - INFO - Train AUC: 0.647	Test AUC: 0.645
2019-02-17 20:33:17,364 - __main__ - INFO - Train AUC: 0.710	Test AUC: 0.703
2019-02-17 20:38:46,630 - __main__ - INFO - Train AUC: 0.645	Test AUC: 0.644
2019-02-17 20:47:49,542 - __main__ - INFO - Train AUC: 0.711	Test AUC: 0.705
2019-02-17 20:55:48,200 - __main__ - INFO - Train AUC: 0.646	Test AUC: 0.643
2019-02-17 21:03:58,871 - __main__ - INFO - Train AUC: 0.709	Test AUC: 0.704
2019-02-17 21:12:48,698 - __main__ - INFO - Train AUC: 0.710	Test AUC: 0.702
2019-02-17 21:14:32,908 - __main__ - INFO - Train AUC: 0.443	Test AUC: 0.441
2019-02-17 21:34:29,724 - __main__ - INFO - Train AUC: 0.708	Test AUC: 0.681
2019-02-17 21:42:15,333 - __main__ - INFO - Train AUC: 0.708	Test AUC: 0.703
2019-02-17 21:46:29,938 - __main__ - INFO - Train AUC: 0.696	Test AUC: 0.694
2019-02-17 21:52:59,563 - __main__ - INFO - Train AUC: 0.705	Test AUC: 0.701
2019-02-17 21:54:07,457 - __main__ - INFO - Train AUC: 0.646	Test AUC: 0.644
2019-02-17 22:00:20,142 - __main__ - INFO - Train AUC: 0.706	Test AUC: 0.702
2019-02-17 22:05:48,165 - __main__ - INFO - Train AUC: 0.646	Test AUC: 0.644
2019-02-17 22:17:11,573 - __main__ - INFO - Train AUC: 0.626	Test AUC: 0.625
2019-02-17 22:25:13,489 - __main__ - INFO - Train AUC: 0.642	Test AUC: 0.640
2019-02-17 22:29:52,846 - __main__ - INFO - Train AUC: 0.696	Test AUC: 0.694
2019-02-17 22:35:16,751 - __main__ - INFO - Train AUC: 0.731	Test AUC: 0.686
2019-02-17 22:42:31,725 - __main__ - INFO - Train AUC: 0.707	Test AUC: 0.699
2019-02-17 22:52:05,132 - __main__ - INFO - Train AUC: 0.645	Test AUC: 0.643
2019-02-17 22:56:20,129 - __main__ - INFO - Train AUC: 0.696	Test AUC: 0.694
2019-02-17 23:01:29,566 - __main__ - INFO - Train AUC: 0.647	Test AUC: 0.645
2019-02-17 23:21:35,215 - __main__ - INFO - Train AUC: 0.626	Test AUC: 0.626
2019-02-17 23:23:24,034 - __main__ - INFO - Train AUC: 0.649	Test AUC: 0.647
2019-02-17 23:28:29,886 - __main__ - INFO - Train AUC: 0.702	Test AUC: 0.699
2019-02-17 23:34:16,055 - __main__ - INFO - Train AUC: 0.644	Test AUC: 0.642
2019-02-17 23:41:12,362 - __main__ - INFO - Train AUC: 0.705	Test AUC: 0.702
2019-02-17 23:59:27,266 - __main__ - INFO - Train AUC: 0.714	Test AUC: 0.682
2019-02-18 00:04:24,209 - __main__ - INFO - Train AUC: 0.694	Test AUC: 0.692
2019-02-18 00:10:27,426 - __main__ - INFO - Train AUC: 0.703	Test AUC: 0.700
2019-02-18 00:19:35,104 - __main__ - INFO - Train AUC: 0.628	Test AUC: 0.626
2019-02-18 00:34:42,675 - __main__ - INFO - Train AUC: 0.647	Test AUC: 0.645
2019-02-18 00:38:48,751 - __main__ - INFO - Train AUC: 0.696	Test AUC: 0.692
2019-02-18 00:44:34,863 - __main__ - INFO - Train AUC: 0.705	Test AUC: 0.701
2019-02-18 00:51:53,781 - __main__ - INFO - Train AUC: 0.709	Test AUC: 0.704
2019-02-18 00:53:31,839 - __main__ - INFO - Train AUC: 0.645	Test AUC: 0.643
2019-02-18 00:59:02,862 - __main__ - INFO - Train AUC: 0.701	Test AUC: 0.699
2019-02-18 01:11:11,614 - __main__ - INFO - Train AUC: 0.714	Test AUC: 0.682
2019-02-18 01:18:18,952 - __main__ - INFO - Train AUC: 0.601	Test AUC: 0.600
2019-02-18 01:27:55,877 - __main__ - INFO - Train AUC: 0.646	Test AUC: 0.644
2019-02-18 01:33:51,920 - __main__ - INFO - Train AUC: 0.703	Test AUC: 0.700
2019-02-18 01:39:55,490 - __main__ - INFO - Train AUC: 0.707	Test AUC: 0.699
2019-02-18 01:42:03,728 - __main__ - INFO - Train AUC: 0.645	Test AUC: 0.643
2019-02-18 02:22:30,109 - __main__ - INFO - Train AUC: 0.655	Test AUC: 0.653
2019-02-18 02:29:31,530 - __main__ - INFO - Train AUC: 0.708	Test AUC: 0.703
2019-02-18 02:36:33,062 - __main__ - INFO - Train AUC: 0.648	Test AUC: 0.645
2019-02-18 02:50:29,641 - __main__ - INFO - Train AUC: 0.617	Test AUC: 0.618
2019-02-18 02:53:09,112 - __main__ - INFO - Train AUC: 0.694	Test AUC: 0.680
2019-02-18 02:59:30,677 - __main__ - INFO - Train AUC: 0.704	Test AUC: 0.701
2019-02-18 03:05:32,196 - __main__ - INFO - Train AUC: 0.646	Test AUC: 0.644
2019-02-18 03:10:29,167 - __main__ - INFO - Train AUC: 0.700	Test AUC: 0.699
2019-02-18 03:23:56,849 - __main__ - INFO - Train AUC: 0.648	Test AUC: 0.645
2019-02-18 03:25:57,721 - __main__ - INFO - Train AUC: 0.644	Test AUC: 0.642
2019-02-18 03:32:52,832 - __main__ - INFO - Train AUC: 0.710	Test AUC: 0.703
2019-02-18 03:49:53,282 - __main__ - INFO - Train AUC: 0.623	Test AUC: 0.622
2019-02-18 04:03:27,708 - __main__ - INFO - Train AUC: 0.645	Test AUC: 0.644
2019-02-18 04:14:34,237 - __main__ - INFO - Train AUC: 0.716	Test AUC: 0.703
2019-02-18 04:22:00,468 - __main__ - INFO - Train AUC: 0.708	Test AUC: 0.701
2019-02-18 04:27:15,701 - __main__ - INFO - Train AUC: 0.712	Test AUC: 0.695
2019-02-18 04:28:14,111 - __main__ - INFO - Train AUC: 0.645	Test AUC: 0.644
2019-02-18 04:33:54,346 - __main__ - INFO - Train AUC: 0.703	Test AUC: 0.701
2019-02-18 04:41:47,465 - __main__ - INFO - Train AUC: 0.647	Test AUC: 0.645
2019-02-18 04:56:18,462 - __main__ - INFO - Train AUC: 0.631	Test AUC: 0.628
2019-02-18 05:05:32,611 - __main__ - INFO - Train AUC: 0.645	Test AUC: 0.643
2019-02-18 05:10:30,937 - __main__ - INFO - Train AUC: 0.698	Test AUC: 0.695
2019-02-18 05:18:18,315 - __main__ - INFO - Train AUC: 0.710	Test AUC: 0.703
2019-02-18 05:24:30,859 - __main__ - INFO - Train AUC: 0.648	Test AUC: 0.644
2019-02-18 05:28:25,982 - __main__ - INFO - Train AUC: 0.721	Test AUC: 0.699
2019-02-18 05:36:48,883 - __main__ - INFO - Train AUC: 0.644	Test AUC: 0.642
2019-02-18 05:43:09,681 - __main__ - INFO - Train AUC: 0.703	Test AUC: 0.699
2019-02-18 05:48:47,255 - __main__ - INFO - Train AUC: 0.707	Test AUC: 0.702
2019-02-18 05:52:13,007 - __main__ - INFO - Train AUC: 0.615	Test AUC: 0.615
2019-02-18 05:59:47,465 - __main__ - INFO - Train AUC: 0.709	Test AUC: 0.702
2019-02-18 06:08:02,162 - __main__ - INFO - Train AUC: 0.647	Test AUC: 0.645
2019-02-18 06:15:40,423 - __main__ - INFO - Train AUC: 0.708	Test AUC: 0.702
2019-02-18 06:15:40,425 - __main__ - INFO - ------------ Optimal Parameter Space ------------
2019-02-18 06:15:40,425 - __main__ - INFO - ann__hidden_layer_sizes:                      (100, 100, 100)
2019-02-18 06:15:40,425 - __main__ - INFO - ann__batch_size:                                          468
2019-02-18 06:15:40,425 - __main__ - INFO - ann__solver:                                             adam
2019-02-18 06:15:40,425 - __main__ - INFO - ann__momentum:                              0.596170367024812
2019-02-18 06:15:40,425 - __main__ - INFO - ann__alpha:                            0.00038329244322348556
2019-02-18 06:15:40,425 - __main__ - INFO - ann__activation:                                         tanh
2019-02-18 06:23:15,180 - __main__ - INFO - Approximate score: 0.709
2019-02-25 10:22:50,751 - __main__ - INFO - ================= Start new run =================
2019-02-25 10:22:50,752 - __main__ - INFO - predictions/ann_predictions20190225_1022.csv
2019-02-25 10:23:22,439 - __main__ - INFO - Train AUC: 0.567	Test AUC: 0.571
2019-02-25 10:24:10,222 - __main__ - INFO - ================= Start new run =================
2019-02-25 10:24:10,222 - __main__ - INFO - predictions/ann_predictions20190225_1024.csv
2019-02-25 10:24:54,337 - __main__ - INFO - Train AUC: 0.568	Test AUC: 0.571
2019-02-25 10:25:46,213 - __main__ - INFO - Train AUC: 0.672	Test AUC: 0.677
2019-02-25 10:26:28,985 - __main__ - INFO - Train AUC: 0.504	Test AUC: 0.507
2019-02-25 10:26:37,460 - __main__ - INFO - Train AUC: 0.494	Test AUC: 0.498
2019-02-25 10:27:22,801 - __main__ - INFO - Train AUC: 0.594	Test AUC: 0.597
2019-02-25 10:27:31,156 - __main__ - INFO - Train AUC: 0.690	Test AUC: 0.696
2019-02-25 10:28:00,754 - __main__ - INFO - Train AUC: 0.675	Test AUC: 0.680
2019-02-25 10:28:25,961 - __main__ - INFO - Train AUC: 0.613	Test AUC: 0.615
2019-02-25 10:28:36,980 - __main__ - INFO - Train AUC: 0.610	Test AUC: 0.613
2019-02-25 10:29:34,826 - __main__ - INFO - Train AUC: 0.595	Test AUC: 0.597
2019-02-25 10:29:38,456 - __main__ - INFO - Train AUC: 0.614	Test AUC: 0.617
2019-02-25 10:31:14,384 - __main__ - INFO - Train AUC: 0.615	Test AUC: 0.616
2019-02-25 10:31:47,341 - __main__ - INFO - Train AUC: 0.668	Test AUC: 0.672
2019-02-25 10:32:49,794 - __main__ - INFO - Train AUC: 0.614	Test AUC: 0.617
2019-02-25 10:33:00,482 - __main__ - INFO - Train AUC: 0.587	Test AUC: 0.587
2019-02-25 10:33:22,613 - __main__ - INFO - Train AUC: 0.599	Test AUC: 0.603
2019-02-25 10:33:57,280 - __main__ - INFO - Train AUC: 0.615	Test AUC: 0.618
2019-02-25 10:34:18,521 - __main__ - INFO - Train AUC: 0.610	Test AUC: 0.612
2019-02-25 10:34:40,904 - __main__ - INFO - Train AUC: 0.604	Test AUC: 0.607
2019-02-25 10:35:33,466 - __main__ - INFO - Train AUC: 0.613	Test AUC: 0.615
2019-02-25 10:35:43,603 - __main__ - INFO - Train AUC: 0.681	Test AUC: 0.688
2019-02-25 10:35:52,996 - __main__ - INFO - Train AUC: 0.680	Test AUC: 0.687
2019-02-25 10:36:00,117 - __main__ - INFO - Train AUC: 0.687	Test AUC: 0.692
2019-02-25 10:38:05,831 - __main__ - INFO - Train AUC: 0.695	Test AUC: 0.700
2019-02-25 10:39:58,269 - __main__ - INFO - Train AUC: 0.692	Test AUC: 0.698
2019-02-25 10:41:39,118 - __main__ - INFO - Train AUC: 0.691	Test AUC: 0.695
2019-02-25 10:41:42,454 - __main__ - INFO - Train AUC: 0.671	Test AUC: 0.675
2019-02-25 10:41:46,921 - __main__ - INFO - Train AUC: 0.689	Test AUC: 0.693
2019-02-25 10:42:31,582 - __main__ - INFO - Train AUC: 0.696	Test AUC: 0.701
2019-02-25 10:42:41,024 - __main__ - INFO - Train AUC: 0.696	Test AUC: 0.702
2019-02-25 10:42:57,420 - __main__ - INFO - Train AUC: 0.677	Test AUC: 0.683
2019-02-25 10:43:00,098 - __main__ - INFO - Train AUC: 0.655	Test AUC: 0.659
2019-02-25 10:43:07,475 - __main__ - INFO - Train AUC: 0.516	Test AUC: 0.518
2019-02-25 10:43:30,928 - __main__ - INFO - Train AUC: 0.674	Test AUC: 0.678
2019-02-25 10:43:33,327 - __main__ - INFO - Train AUC: 0.596	Test AUC: 0.597
2019-02-25 10:43:40,520 - __main__ - INFO - Train AUC: 0.694	Test AUC: 0.699
2019-02-25 10:43:50,440 - __main__ - INFO - Train AUC: 0.696	Test AUC: 0.700
2019-02-25 10:44:02,000 - __main__ - INFO - Train AUC: 0.610	Test AUC: 0.613
2019-02-25 10:44:31,593 - __main__ - INFO - Train AUC: 0.588	Test AUC: 0.591
2019-02-25 10:44:35,492 - __main__ - INFO - Train AUC: 0.615	Test AUC: 0.618
2019-02-25 10:44:38,487 - __main__ - INFO - Train AUC: 0.662	Test AUC: 0.666
2019-02-25 10:44:54,629 - __main__ - INFO - Train AUC: 0.598	Test AUC: 0.602
2019-02-25 10:45:12,061 - __main__ - INFO - Train AUC: 0.613	Test AUC: 0.616
2019-02-25 10:45:20,710 - __main__ - INFO - Train AUC: 0.691	Test AUC: 0.698
2019-02-25 10:45:28,622 - __main__ - INFO - Train AUC: 0.616	Test AUC: 0.618
2019-02-25 10:47:14,887 - __main__ - INFO - Train AUC: 0.634	Test AUC: 0.635
2019-02-25 10:47:27,898 - __main__ - INFO - Train AUC: 0.614	Test AUC: 0.616
2019-02-25 10:47:35,351 - __main__ - INFO - Train AUC: 0.649	Test AUC: 0.653
2019-02-25 10:47:43,538 - __main__ - INFO - Train AUC: 0.586	Test AUC: 0.589
2019-02-25 10:47:48,820 - __main__ - INFO - Train AUC: 0.614	Test AUC: 0.617
2019-02-25 10:48:07,992 - __main__ - INFO - Train AUC: 0.677	Test AUC: 0.681
2019-02-25 10:48:13,204 - __main__ - INFO - Train AUC: 0.615	Test AUC: 0.617
2019-02-25 10:48:19,684 - __main__ - INFO - Train AUC: 0.506	Test AUC: 0.501
2019-02-25 10:48:50,719 - __main__ - INFO - Train AUC: 0.692	Test AUC: 0.696
2019-02-25 10:49:00,895 - __main__ - INFO - Train AUC: 0.614	Test AUC: 0.617
2019-02-25 10:49:05,054 - __main__ - INFO - Train AUC: 0.680	Test AUC: 0.685
2019-02-25 10:49:38,102 - __main__ - INFO - Train AUC: 0.596	Test AUC: 0.599
2019-02-25 10:49:42,383 - __main__ - INFO - Train AUC: 0.680	Test AUC: 0.685
2019-02-25 10:49:51,336 - __main__ - INFO - Train AUC: 0.690	Test AUC: 0.695
2019-02-25 10:50:13,004 - __main__ - INFO - Train AUC: 0.614	Test AUC: 0.616
2019-02-25 10:50:18,929 - __main__ - INFO - Train AUC: 0.694	Test AUC: 0.699
2019-02-25 10:50:28,780 - __main__ - INFO - Train AUC: 0.610	Test AUC: 0.611
2019-02-25 10:50:34,180 - __main__ - INFO - Train AUC: 0.615	Test AUC: 0.618
2019-02-25 10:50:40,278 - __main__ - INFO - Train AUC: 0.676	Test AUC: 0.681
2019-02-25 10:50:43,726 - __main__ - INFO - Train AUC: 0.675	Test AUC: 0.681
2019-02-25 10:50:53,603 - __main__ - INFO - Train AUC: 0.694	Test AUC: 0.700
2019-02-25 10:51:05,981 - __main__ - INFO - Train AUC: 0.697	Test AUC: 0.701
2019-02-25 10:51:17,722 - __main__ - INFO - Train AUC: 0.696	Test AUC: 0.701
2019-02-25 10:51:29,053 - __main__ - INFO - Train AUC: 0.699	Test AUC: 0.702
2019-02-25 10:51:41,158 - __main__ - INFO - Train AUC: 0.697	Test AUC: 0.699
2019-02-25 10:51:50,971 - __main__ - INFO - Train AUC: 0.695	Test AUC: 0.700
2019-02-25 10:52:00,330 - __main__ - INFO - Train AUC: 0.695	Test AUC: 0.700
2019-02-25 10:52:09,277 - __main__ - INFO - Train AUC: 0.692	Test AUC: 0.697
2019-02-25 10:52:20,714 - __main__ - INFO - Train AUC: 0.695	Test AUC: 0.700
2019-02-25 10:52:50,936 - __main__ - INFO - Train AUC: 0.616	Test AUC: 0.617
2019-02-25 10:53:04,792 - __main__ - INFO - Train AUC: 0.697	Test AUC: 0.700
2019-02-25 10:53:22,736 - __main__ - INFO - Train AUC: 0.700	Test AUC: 0.703
