2019-02-16 15:05:58,999 - __main__ - INFO - ================= Start new run =================
2019-02-16 15:05:58,999 - __main__ - INFO - predictions/ann_predictions20190216_1505.csv
2019-02-16 15:07:27,700 - __main__ - INFO - ================= Start new run =================
2019-02-16 15:07:27,700 - __main__ - INFO - predictions/ann_predictions20190216_1507.csv
2019-02-16 15:13:28,444 - __main__ - INFO - ================= Start new run =================
2019-02-16 15:13:28,445 - __main__ - INFO - predictions/ann_predictions20190216_1513.csv
2019-02-16 15:14:50,451 - __main__ - INFO - ================= Start new run =================
2019-02-16 15:14:50,451 - __main__ - INFO - predictions/ann_predictions20190216_1514.csv
2019-02-16 15:30:22,465 - __main__ - INFO - ================= Start new run =================
2019-02-16 15:30:22,465 - __main__ - INFO - predictions/ann_predictions20190216_1530.csv
2019-02-16 15:34:55,976 - __main__ - INFO - Train AUC: 0.703	Test AUC: 0.692
2019-02-16 15:36:22,144 - __main__ - INFO - Train AUC: 0.615	Test AUC: 0.611
2019-02-16 15:37:06,574 - __main__ - INFO - Train AUC: 0.573	Test AUC: 0.567
2019-02-16 15:37:36,539 - __main__ - INFO - Train AUC: 0.608	Test AUC: 0.603
2019-02-16 15:38:14,873 - __main__ - INFO - Train AUC: 0.482	Test AUC: 0.483
2019-02-16 15:38:30,552 - __main__ - INFO - Train AUC: 0.611	Test AUC: 0.606
2019-02-16 15:39:35,986 - __main__ - INFO - Train AUC: 0.570	Test AUC: 0.565
2019-02-16 15:40:19,558 - __main__ - INFO - Train AUC: 0.614	Test AUC: 0.610
2019-02-16 15:40:47,474 - __main__ - INFO - Train AUC: 0.604	Test AUC: 0.600
2019-02-16 15:42:47,715 - __main__ - INFO - Train AUC: 0.614	Test AUC: 0.610
2019-02-16 15:48:42,043 - __main__ - INFO - Train AUC: 0.708	Test AUC: 0.694
2019-02-16 15:50:13,947 - __main__ - INFO - Train AUC: 0.615	Test AUC: 0.611
2019-02-16 15:51:06,527 - __main__ - INFO - Train AUC: 0.473	Test AUC: 0.471
2019-02-16 15:53:51,528 - __main__ - INFO - Train AUC: 0.607	Test AUC: 0.604
2019-02-16 15:54:27,892 - __main__ - INFO - Train AUC: 0.612	Test AUC: 0.608
2019-02-16 15:57:57,773 - __main__ - INFO - Train AUC: 0.614	Test AUC: 0.610
2019-02-16 16:02:57,942 - __main__ - INFO - Train AUC: 0.601	Test AUC: 0.598
2019-02-16 16:03:29,562 - __main__ - INFO - Train AUC: 0.605	Test AUC: 0.602
2019-02-16 16:04:51,572 - __main__ - INFO - Train AUC: 0.613	Test AUC: 0.610
2019-02-16 16:06:25,399 - __main__ - INFO - Train AUC: 0.603	Test AUC: 0.599
2019-02-16 16:11:25,637 - __main__ - INFO - Train AUC: 0.706	Test AUC: 0.696
2019-02-16 16:16:18,672 - __main__ - INFO - Train AUC: 0.697	Test AUC: 0.688
2019-02-16 16:18:03,891 - __main__ - INFO - Train AUC: 0.676	Test AUC: 0.667
2019-02-16 16:20:58,593 - __main__ - INFO - Train AUC: 0.701	Test AUC: 0.691
2019-02-16 16:24:56,279 - __main__ - INFO - Train AUC: 0.703	Test AUC: 0.692
2019-02-16 16:30:45,385 - __main__ - INFO - Train AUC: 0.694	Test AUC: 0.683
2019-02-16 16:32:53,028 - __main__ - INFO - Train AUC: 0.694	Test AUC: 0.685
2019-02-16 16:39:06,664 - __main__ - INFO - Train AUC: 0.708	Test AUC: 0.695
2019-02-16 16:44:02,302 - __main__ - INFO - Train AUC: 0.706	Test AUC: 0.695
2019-02-16 16:45:54,031 - __main__ - INFO - Train AUC: 0.689	Test AUC: 0.679
2019-02-16 16:47:12,988 - __main__ - INFO - Train AUC: 0.672	Test AUC: 0.664
2019-02-16 16:50:12,558 - __main__ - INFO - Train AUC: 0.698	Test AUC: 0.690
2019-02-16 16:53:23,531 - __main__ - INFO - Train AUC: 0.701	Test AUC: 0.692
2019-02-16 16:57:34,029 - __main__ - INFO - Train AUC: 0.614	Test AUC: 0.609
2019-02-16 16:59:58,193 - __main__ - INFO - Train AUC: 0.698	Test AUC: 0.689
2019-02-16 17:04:53,204 - __main__ - INFO - Train AUC: 0.705	Test AUC: 0.694
2019-02-16 17:06:06,901 - __main__ - INFO - Train AUC: 0.612	Test AUC: 0.608
2019-02-16 17:06:23,757 - __main__ - INFO - Train AUC: 0.672	Test AUC: 0.664
2019-02-16 17:08:53,355 - __main__ - INFO - Train AUC: 0.615	Test AUC: 0.611
2019-02-16 17:10:28,195 - __main__ - INFO - Train AUC: 0.426	Test AUC: 0.434
2019-02-16 17:11:44,493 - __main__ - INFO - Train AUC: 0.612	Test AUC: 0.608
2019-02-16 17:12:10,531 - __main__ - INFO - Train AUC: 0.677	Test AUC: 0.668
2019-02-16 17:17:35,934 - __main__ - INFO - Train AUC: 0.605	Test AUC: 0.602
2019-02-16 17:20:49,490 - __main__ - INFO - Train AUC: 0.694	Test AUC: 0.686
2019-02-16 17:25:34,105 - __main__ - INFO - Train AUC: 0.704	Test AUC: 0.693
2019-02-16 17:27:41,983 - __main__ - INFO - Train AUC: 0.609	Test AUC: 0.605
2019-02-16 17:31:26,446 - __main__ - INFO - Train AUC: 0.617	Test AUC: 0.612
2019-02-16 17:31:50,719 - __main__ - INFO - Train AUC: 0.676	Test AUC: 0.667
2019-02-16 17:39:48,627 - __main__ - INFO - Train AUC: 0.605	Test AUC: 0.600
2019-02-16 17:41:32,802 - __main__ - INFO - Train AUC: 0.615	Test AUC: 0.611
2019-02-16 17:55:29,296 - __main__ - INFO - Train AUC: 0.602	Test AUC: 0.598
2019-02-16 18:03:55,844 - __main__ - INFO - Train AUC: 0.618	Test AUC: 0.612
2019-02-16 18:05:38,133 - __main__ - INFO - Train AUC: 0.684	Test AUC: 0.675
2019-02-16 18:07:48,387 - __main__ - INFO - Train AUC: 0.696	Test AUC: 0.689
2019-02-16 18:07:54,047 - __main__ - INFO - Train AUC: 0.606	Test AUC: 0.601
2019-02-16 18:10:43,796 - __main__ - INFO - Train AUC: 0.697	Test AUC: 0.686
2019-02-16 18:11:27,376 - __main__ - INFO - Train AUC: 0.671	Test AUC: 0.663
2019-02-16 18:12:36,921 - __main__ - INFO - Train AUC: 0.449	Test AUC: 0.448
2019-02-16 18:15:07,893 - __main__ - INFO - Train AUC: 0.615	Test AUC: 0.611
2019-02-16 18:17:12,828 - __main__ - INFO - Train AUC: 0.679	Test AUC: 0.669
2019-02-16 18:18:56,237 - __main__ - INFO - Train AUC: 0.613	Test AUC: 0.609
2019-02-16 18:22:48,814 - __main__ - INFO - Train AUC: 0.706	Test AUC: 0.695
2019-02-16 18:23:40,963 - __main__ - INFO - Train AUC: 0.534	Test AUC: 0.533
2019-02-16 18:24:00,476 - __main__ - INFO - Train AUC: 0.674	Test AUC: 0.666
2019-02-16 18:25:30,669 - __main__ - INFO - Train AUC: 0.613	Test AUC: 0.608
2019-02-16 18:28:30,696 - __main__ - INFO - Train AUC: 0.703	Test AUC: 0.693
2019-02-16 18:32:33,135 - __main__ - INFO - Train AUC: 0.705	Test AUC: 0.693
2019-02-16 18:35:48,937 - __main__ - INFO - Train AUC: 0.702	Test AUC: 0.693
2019-02-16 18:38:38,143 - __main__ - INFO - Train AUC: 0.700	Test AUC: 0.691
2019-02-16 18:41:06,476 - __main__ - INFO - Train AUC: 0.697	Test AUC: 0.688
2019-02-16 18:46:43,408 - __main__ - INFO - Train AUC: 0.711	Test AUC: 0.695
2019-02-16 18:49:03,488 - __main__ - INFO - Train AUC: 0.700	Test AUC: 0.690
2019-02-16 18:52:55,713 - __main__ - INFO - Train AUC: 0.704	Test AUC: 0.694
2019-02-16 18:56:57,807 - __main__ - INFO - Train AUC: 0.691	Test AUC: 0.681
2019-02-16 19:00:27,710 - __main__ - INFO - Train AUC: 0.691	Test AUC: 0.684
2019-02-16 19:01:44,060 - __main__ - INFO - Train AUC: 0.674	Test AUC: 0.665
2019-02-16 19:03:27,954 - __main__ - INFO - Train AUC: 0.615	Test AUC: 0.611
2019-02-16 19:05:30,350 - __main__ - INFO - Train AUC: 0.694	Test AUC: 0.684
2019-02-16 19:08:09,274 - __main__ - INFO - Train AUC: 0.701	Test AUC: 0.691
2019-02-16 19:08:44,599 - __main__ - INFO - Train AUC: 0.593	Test AUC: 0.588
2019-02-16 19:09:23,305 - __main__ - INFO - Train AUC: 0.685	Test AUC: 0.676
2019-02-16 19:11:17,456 - __main__ - INFO - Train AUC: 0.615	Test AUC: 0.611
2019-02-16 19:13:01,538 - __main__ - INFO - Train AUC: 0.614	Test AUC: 0.610
2019-02-16 19:21:25,739 - __main__ - INFO - Train AUC: 0.603	Test AUC: 0.599
2019-02-16 19:24:20,434 - __main__ - INFO - Train AUC: 0.701	Test AUC: 0.693
2019-02-16 19:32:30,206 - __main__ - INFO - Train AUC: 0.618	Test AUC: 0.612
2019-02-16 19:35:27,891 - __main__ - INFO - Train AUC: 0.701	Test AUC: 0.690
2019-02-16 19:36:44,690 - __main__ - INFO - Train AUC: 0.660	Test AUC: 0.653
2019-02-16 19:37:10,741 - __main__ - INFO - Train AUC: 0.577	Test AUC: 0.582
2019-02-16 19:41:49,211 - __main__ - INFO - Train AUC: 0.615	Test AUC: 0.611
2019-02-16 19:45:32,728 - __main__ - INFO - Train AUC: 0.689	Test AUC: 0.680
2019-02-16 19:49:23,357 - __main__ - INFO - Train AUC: 0.704	Test AUC: 0.691
2019-02-16 19:50:16,157 - __main__ - INFO - Train AUC: 0.405	Test AUC: 0.410
2019-02-16 19:52:54,866 - __main__ - INFO - Train AUC: 0.699	Test AUC: 0.690
2019-02-16 19:55:50,116 - __main__ - INFO - Train AUC: 0.693	Test AUC: 0.686
2019-02-16 19:57:18,876 - __main__ - INFO - Train AUC: 0.616	Test AUC: 0.612
2019-02-16 19:57:35,166 - __main__ - INFO - Train AUC: 0.675	Test AUC: 0.666
2019-02-16 19:58:32,313 - __main__ - INFO - Train AUC: 0.605	Test AUC: 0.601
2019-02-16 20:03:17,232 - __main__ - INFO - Train AUC: 0.705	Test AUC: 0.693
2019-02-16 20:04:48,689 - __main__ - INFO - Train AUC: 0.610	Test AUC: 0.606
2019-02-16 20:08:30,621 - __main__ - INFO - Train AUC: 0.702	Test AUC: 0.693
2019-02-16 20:09:42,126 - __main__ - INFO - Train AUC: 0.614	Test AUC: 0.609
2019-02-16 20:16:05,256 - __main__ - INFO - Train AUC: 0.602	Test AUC: 0.599
2019-02-16 20:18:50,610 - __main__ - INFO - Train AUC: 0.615	Test AUC: 0.611
2019-02-16 20:20:29,127 - __main__ - INFO - Train AUC: 0.696	Test AUC: 0.686
2019-02-16 20:20:57,544 - __main__ - INFO - Train AUC: 0.677	Test AUC: 0.668
2019-02-16 20:22:13,183 - __main__ - INFO - Train AUC: 0.614	Test AUC: 0.609
2019-02-16 20:25:44,902 - __main__ - INFO - Train AUC: 0.606	Test AUC: 0.601
2019-02-16 20:28:40,910 - __main__ - INFO - Train AUC: 0.615	Test AUC: 0.611
2019-02-16 20:31:34,730 - __main__ - INFO - Train AUC: 0.701	Test AUC: 0.693
2019-02-16 20:32:40,208 - __main__ - INFO - Train AUC: 0.615	Test AUC: 0.612
2019-02-16 20:35:24,716 - __main__ - INFO - Train AUC: 0.695	Test AUC: 0.686
2019-02-16 20:37:46,900 - __main__ - INFO - Train AUC: 0.540	Test AUC: 0.538
2019-02-16 20:40:38,990 - __main__ - INFO - Train AUC: 0.614	Test AUC: 0.610
2019-02-16 20:40:56,459 - __main__ - INFO - Train AUC: 0.673	Test AUC: 0.665
2019-02-16 20:41:34,956 - __main__ - INFO - Train AUC: 0.613	Test AUC: 0.608
2019-02-16 20:45:06,913 - __main__ - INFO - Train AUC: 0.704	Test AUC: 0.693
2019-02-16 20:49:34,636 - __main__ - INFO - Train AUC: 0.603	Test AUC: 0.600
2019-02-16 20:52:19,569 - __main__ - INFO - Train AUC: 0.699	Test AUC: 0.690
2019-02-16 20:54:41,730 - __main__ - INFO - Train AUC: 0.683	Test AUC: 0.673
2019-02-16 20:57:49,356 - __main__ - INFO - Train AUC: 0.613	Test AUC: 0.609
2019-02-16 21:02:23,560 - __main__ - INFO - Train AUC: 0.705	Test AUC: 0.694
2019-02-16 21:03:46,794 - __main__ - INFO - Train AUC: 0.605	Test AUC: 0.602
2019-02-16 21:04:07,091 - __main__ - INFO - Train AUC: 0.675	Test AUC: 0.667
2019-02-16 21:05:09,961 - __main__ - INFO - Train AUC: 0.615	Test AUC: 0.612
2019-02-16 21:07:33,513 - __main__ - INFO - Train AUC: 0.696	Test AUC: 0.686
2019-02-16 21:13:30,584 - __main__ - INFO - Train AUC: 0.697	Test AUC: 0.685
2019-02-16 21:14:46,129 - __main__ - INFO - Train AUC: 0.561	Test AUC: 0.553
2019-02-16 21:19:20,275 - __main__ - INFO - Train AUC: 0.706	Test AUC: 0.695
2019-02-16 21:22:58,929 - __main__ - INFO - Train AUC: 0.690	Test AUC: 0.680
2019-02-16 21:28:46,082 - __main__ - INFO - Train AUC: 0.698	Test AUC: 0.692
2019-02-16 21:30:24,032 - __main__ - INFO - Train AUC: 0.696	Test AUC: 0.686
2019-02-16 21:32:07,889 - __main__ - INFO - Train AUC: 0.614	Test AUC: 0.611
2019-02-16 21:32:20,325 - __main__ - INFO - Train AUC: 0.582	Test AUC: 0.578
2019-02-16 21:35:14,987 - __main__ - INFO - Train AUC: 0.696	Test AUC: 0.688
2019-02-16 21:37:32,350 - __main__ - INFO - Train AUC: 0.615	Test AUC: 0.610
2019-02-16 21:41:29,985 - __main__ - INFO - Train AUC: 0.689	Test AUC: 0.679
2019-02-16 21:46:35,948 - __main__ - INFO - Train AUC: 0.697	Test AUC: 0.689
2019-02-16 21:47:18,015 - __main__ - INFO - Train AUC: 0.578	Test AUC: 0.572
2019-02-16 21:49:32,622 - __main__ - INFO - Train AUC: 0.614	Test AUC: 0.610
2019-02-16 21:51:39,491 - __main__ - INFO - Train AUC: 0.695	Test AUC: 0.686
2019-02-16 21:54:55,364 - __main__ - INFO - Train AUC: 0.698	Test AUC: 0.688
2019-02-16 21:55:34,869 - __main__ - INFO - Train AUC: 0.615	Test AUC: 0.610
2019-02-16 21:56:14,845 - __main__ - INFO - Train AUC: 0.522	Test AUC: 0.525
2019-02-16 21:58:54,916 - __main__ - INFO - Train AUC: 0.693	Test AUC: 0.686
2019-02-16 22:02:05,109 - __main__ - INFO - Train AUC: 0.701	Test AUC: 0.692
2019-02-16 22:06:18,804 - __main__ - INFO - Train AUC: 0.707	Test AUC: 0.695
2019-02-16 22:08:41,749 - __main__ - INFO - Train AUC: 0.697	Test AUC: 0.689
2019-02-16 22:12:18,007 - __main__ - INFO - Train AUC: 0.703	Test AUC: 0.694
2019-02-16 22:16:10,372 - __main__ - INFO - Train AUC: 0.702	Test AUC: 0.692
2019-02-16 22:19:26,236 - __main__ - INFO - Train AUC: 0.702	Test AUC: 0.691
2019-02-16 22:22:57,531 - __main__ - INFO - Train AUC: 0.705	Test AUC: 0.694
2019-02-16 22:25:05,707 - __main__ - INFO - Train AUC: 0.697	Test AUC: 0.689
2019-02-16 22:29:29,395 - __main__ - INFO - Train AUC: 0.705	Test AUC: 0.695
2019-02-16 22:31:47,980 - __main__ - INFO - Train AUC: 0.699	Test AUC: 0.690
2019-02-16 22:37:53,951 - __main__ - INFO - Train AUC: 0.697	Test AUC: 0.684
2019-02-16 22:41:38,885 - __main__ - INFO - Train AUC: 0.705	Test AUC: 0.694
2019-02-16 22:44:03,525 - __main__ - INFO - Train AUC: 0.685	Test AUC: 0.676
2019-02-16 23:10:45,718 - __main__ - INFO - Train AUC: 0.696	Test AUC: 0.688
2019-02-16 23:12:44,736 - __main__ - INFO - Train AUC: 0.615	Test AUC: 0.611
2019-02-16 23:15:54,650 - __main__ - INFO - Train AUC: 0.702	Test AUC: 0.692
2019-02-16 23:20:19,708 - __main__ - INFO - Train AUC: 0.706	Test AUC: 0.693
2019-02-16 23:22:01,488 - __main__ - INFO - Train AUC: 0.614	Test AUC: 0.609
2019-02-16 23:22:22,374 - __main__ - INFO - Train AUC: 0.676	Test AUC: 0.666
2019-02-16 23:25:13,879 - __main__ - INFO - Train AUC: 0.698	Test AUC: 0.691
2019-02-16 23:26:17,903 - __main__ - INFO - Train AUC: 0.551	Test AUC: 0.550
2019-02-16 23:28:42,756 - __main__ - INFO - Train AUC: 0.615	Test AUC: 0.611
2019-02-16 23:31:08,536 - __main__ - INFO - Train AUC: 0.685	Test AUC: 0.676
2019-02-16 23:36:36,643 - __main__ - INFO - Train AUC: 0.707	Test AUC: 0.694
2019-02-16 23:40:06,383 - __main__ - INFO - Train AUC: 0.613	Test AUC: 0.608
2019-02-16 23:41:47,362 - __main__ - INFO - Train AUC: 0.695	Test AUC: 0.686
2019-02-16 23:42:20,003 - __main__ - INFO - Train AUC: 0.604	Test AUC: 0.601
2019-02-16 23:44:24,970 - __main__ - INFO - Train AUC: 0.616	Test AUC: 0.612
2019-02-16 23:47:03,907 - __main__ - INFO - Train AUC: 0.700	Test AUC: 0.691
2019-02-16 23:50:28,562 - __main__ - INFO - Train AUC: 0.615	Test AUC: 0.611
2019-02-16 23:53:50,811 - __main__ - INFO - Train AUC: 0.701	Test AUC: 0.692
2019-02-16 23:55:25,275 - __main__ - INFO - Train AUC: 0.577	Test AUC: 0.581
2019-02-16 23:57:36,880 - __main__ - INFO - Train AUC: 0.614	Test AUC: 0.609
2019-02-17 00:00:32,023 - __main__ - INFO - Train AUC: 0.702	Test AUC: 0.692
2019-02-17 00:04:00,449 - __main__ - INFO - Train AUC: 0.689	Test AUC: 0.680
2019-02-17 00:07:05,997 - __main__ - INFO - Train AUC: 0.702	Test AUC: 0.692
2019-02-17 00:07:26,089 - __main__ - INFO - Train AUC: 0.674	Test AUC: 0.666
2019-02-17 00:08:03,986 - __main__ - INFO - Train AUC: 0.543	Test AUC: 0.543
2019-02-17 00:09:27,974 - __main__ - INFO - Train AUC: 0.613	Test AUC: 0.609
2019-02-17 00:11:04,175 - __main__ - INFO - Train AUC: 0.687	Test AUC: 0.678
2019-02-17 00:13:37,301 - __main__ - INFO - Train AUC: 0.614	Test AUC: 0.609
2019-02-17 00:16:10,989 - __main__ - INFO - Train AUC: 0.696	Test AUC: 0.689
2019-02-17 00:17:16,983 - __main__ - INFO - Train AUC: 0.614	Test AUC: 0.610
2019-02-17 00:18:20,427 - __main__ - INFO - Train AUC: 0.550	Test AUC: 0.543
2019-02-17 00:20:33,616 - __main__ - INFO - Train AUC: 0.692	Test AUC: 0.682
2019-02-17 00:21:18,110 - __main__ - INFO - Train AUC: 0.616	Test AUC: 0.612
2019-02-17 00:21:39,322 - __main__ - INFO - Train AUC: 0.677	Test AUC: 0.668
2019-02-17 00:22:49,445 - __main__ - INFO - Train AUC: 0.677	Test AUC: 0.668
2019-02-17 00:27:32,447 - __main__ - INFO - Train AUC: 0.615	Test AUC: 0.610
2019-02-17 00:40:04,437 - __main__ - INFO - Train AUC: 0.604	Test AUC: 0.600
2019-02-17 00:43:52,172 - __main__ - INFO - Train AUC: 0.690	Test AUC: 0.679
2019-02-17 00:49:15,775 - __main__ - INFO - Train AUC: 0.697	Test AUC: 0.691
2019-02-17 00:50:40,067 - __main__ - INFO - Train AUC: 0.678	Test AUC: 0.669
2019-02-17 00:52:14,105 - __main__ - INFO - Train AUC: 0.615	Test AUC: 0.611
2019-02-17 00:54:11,274 - __main__ - INFO - Train AUC: 0.689	Test AUC: 0.680
2019-02-17 00:54:38,602 - __main__ - INFO - Train AUC: 0.598	Test AUC: 0.597
2019-02-17 00:56:56,782 - __main__ - INFO - Train AUC: 0.617	Test AUC: 0.611
2019-02-17 01:00:23,519 - __main__ - INFO - Train AUC: 0.700	Test AUC: 0.691
2019-02-17 01:01:52,186 - __main__ - INFO - Train AUC: 0.681	Test AUC: 0.672
2019-02-17 01:06:53,532 - __main__ - INFO - Train AUC: 0.700	Test AUC: 0.692
2019-02-17 01:08:52,593 - __main__ - INFO - Train AUC: 0.678	Test AUC: 0.669
2019-02-17 01:18:13,748 - __main__ - INFO - Train AUC: 0.605	Test AUC: 0.602
2019-02-17 01:19:51,640 - __main__ - INFO - Train AUC: 0.677	Test AUC: 0.667
2019-02-17 01:22:09,834 - __main__ - INFO - Train AUC: 0.698	Test AUC: 0.690
2019-02-17 01:28:28,921 - __main__ - INFO - Train AUC: 0.618	Test AUC: 0.612
2019-02-17 01:31:06,953 - __main__ - INFO - Train AUC: 0.703	Test AUC: 0.692
2019-02-17 01:31:32,530 - __main__ - INFO - Train AUC: 0.679	Test AUC: 0.670
2019-02-17 01:41:29,587 - __main__ - INFO - Train AUC: 0.599	Test AUC: 0.595
2019-02-17 01:42:33,697 - __main__ - INFO - Train AUC: 0.678	Test AUC: 0.669
2019-02-17 01:44:48,455 - __main__ - INFO - Train AUC: 0.615	Test AUC: 0.611
2019-02-17 01:46:15,750 - __main__ - INFO - Train AUC: 0.670	Test AUC: 0.663
2019-02-17 01:50:46,496 - __main__ - INFO - Train AUC: 0.704	Test AUC: 0.693
2019-02-17 01:52:37,087 - __main__ - INFO - Train AUC: 0.612	Test AUC: 0.607
2019-02-17 01:55:52,930 - __main__ - INFO - Train AUC: 0.701	Test AUC: 0.692
2019-02-17 01:56:57,072 - __main__ - INFO - Train AUC: 0.558	Test AUC: 0.553
2019-02-17 02:00:10,618 - __main__ - INFO - Train AUC: 0.694	Test AUC: 0.686
2019-02-17 02:02:54,914 - __main__ - INFO - Train AUC: 0.698	Test AUC: 0.690
2019-02-17 02:03:03,317 - __main__ - INFO - Train AUC: 0.615	Test AUC: 0.610
2019-02-17 02:04:09,334 - __main__ - INFO - Train AUC: 0.677	Test AUC: 0.668
2019-02-17 02:16:00,820 - __main__ - INFO - Train AUC: 0.614	Test AUC: 0.610
2019-02-17 02:18:55,177 - __main__ - INFO - Train AUC: 0.613	Test AUC: 0.608
2019-02-17 02:23:46,807 - __main__ - INFO - Train AUC: 0.704	Test AUC: 0.692
2019-02-17 02:25:10,331 - __main__ - INFO - Train AUC: 0.676	Test AUC: 0.666
2019-02-17 02:30:06,184 - __main__ - INFO - Train AUC: 0.699	Test AUC: 0.691
2019-02-17 02:31:58,103 - __main__ - INFO - Train AUC: 0.687	Test AUC: 0.679
2019-02-17 02:34:25,277 - __main__ - INFO - Train AUC: 0.602	Test AUC: 0.599
2019-02-17 02:37:25,978 - __main__ - INFO - Train AUC: 0.698	Test AUC: 0.690
2019-02-17 02:37:43,672 - __main__ - INFO - Train AUC: 0.675	Test AUC: 0.666
2019-02-17 02:39:31,626 - __main__ - INFO - Train AUC: 0.614	Test AUC: 0.610
2019-02-17 02:41:39,093 - __main__ - INFO - Train AUC: 0.691	Test AUC: 0.681
2019-02-17 02:45:32,412 - __main__ - INFO - Train AUC: 0.689	Test AUC: 0.679
2019-02-17 02:51:23,846 - __main__ - INFO - Train AUC: 0.605	Test AUC: 0.601
2019-02-17 02:54:50,975 - __main__ - INFO - Train AUC: 0.692	Test AUC: 0.681
2019-02-17 02:56:12,187 - __main__ - INFO - Train AUC: 0.615	Test AUC: 0.611
2019-02-17 02:59:59,866 - __main__ - INFO - Train AUC: 0.700	Test AUC: 0.690
2019-02-17 03:01:40,655 - __main__ - INFO - Train AUC: 0.694	Test AUC: 0.684
2019-02-17 03:03:11,537 - __main__ - INFO - Train AUC: 0.680	Test AUC: 0.671
2019-02-17 03:03:46,201 - __main__ - INFO - Train AUC: 0.601	Test AUC: 0.597
2019-02-17 03:06:09,673 - __main__ - INFO - Train AUC: 0.699	Test AUC: 0.689
2019-02-17 03:07:40,903 - __main__ - INFO - Train AUC: 0.615	Test AUC: 0.612
2019-02-17 03:17:46,865 - __main__ - INFO - Train AUC: 0.698	Test AUC: 0.685
2019-02-17 03:19:56,299 - __main__ - INFO - Train AUC: 0.615	Test AUC: 0.611
2019-02-17 03:21:19,841 - __main__ - INFO - Train AUC: 0.675	Test AUC: 0.667
2019-02-17 03:22:24,098 - __main__ - INFO - Train AUC: 0.419	Test AUC: 0.424
2019-02-17 03:26:47,970 - __main__ - INFO - Train AUC: 0.704	Test AUC: 0.694
2019-02-17 03:28:43,917 - __main__ - INFO - Train AUC: 0.612	Test AUC: 0.608
2019-02-17 03:33:02,211 - __main__ - INFO - Train AUC: 0.705	Test AUC: 0.693
2019-02-17 03:33:53,517 - __main__ - INFO - Train AUC: 0.615	Test AUC: 0.611
2019-02-17 03:34:18,388 - __main__ - INFO - Train AUC: 0.677	Test AUC: 0.668
2019-02-17 03:35:31,610 - __main__ - INFO - Train AUC: 0.614	Test AUC: 0.610
2019-02-17 03:36:43,604 - __main__ - INFO - Train AUC: 0.572	Test AUC: 0.568
2019-02-17 03:40:46,506 - __main__ - INFO - Train AUC: 0.705	Test AUC: 0.694
2019-02-17 03:44:07,868 - __main__ - INFO - Train AUC: 0.703	Test AUC: 0.694
2019-02-17 03:46:45,158 - __main__ - INFO - Train AUC: 0.700	Test AUC: 0.691
2019-02-17 03:49:56,136 - __main__ - INFO - Train AUC: 0.703	Test AUC: 0.694
2019-02-17 03:53:37,727 - __main__ - INFO - Train AUC: 0.704	Test AUC: 0.693
2019-02-17 03:55:39,871 - __main__ - INFO - Train AUC: 0.696	Test AUC: 0.687
2019-02-17 03:57:47,352 - __main__ - INFO - Train AUC: 0.698	Test AUC: 0.690
2019-02-17 04:01:19,014 - __main__ - INFO - Train AUC: 0.703	Test AUC: 0.693
2019-02-17 04:06:29,397 - __main__ - INFO - Train AUC: 0.706	Test AUC: 0.695
2019-02-17 04:09:08,091 - __main__ - INFO - Train AUC: 0.698	Test AUC: 0.690
2019-02-17 04:11:31,246 - __main__ - INFO - Train AUC: 0.696	Test AUC: 0.686
2019-02-17 04:15:07,756 - __main__ - INFO - Train AUC: 0.702	Test AUC: 0.693
2019-02-17 04:17:51,861 - __main__ - INFO - Train AUC: 0.697	Test AUC: 0.689
2019-02-17 04:21:33,817 - __main__ - INFO - Train AUC: 0.702	Test AUC: 0.692
2019-02-17 04:26:02,717 - __main__ - INFO - Train AUC: 0.705	Test AUC: 0.694
2019-02-17 04:28:52,265 - __main__ - INFO - Train AUC: 0.698	Test AUC: 0.689
2019-02-17 04:30:39,296 - __main__ - INFO - Train AUC: 0.680	Test AUC: 0.671
2019-02-17 04:35:18,841 - __main__ - INFO - Train AUC: 0.706	Test AUC: 0.695
2019-02-17 04:39:42,883 - __main__ - INFO - Train AUC: 0.704	Test AUC: 0.694
2019-02-17 04:42:48,729 - __main__ - INFO - Train AUC: 0.700	Test AUC: 0.690
2019-02-17 04:45:16,425 - __main__ - INFO - Train AUC: 0.615	Test AUC: 0.610
2019-02-17 04:45:27,829 - __main__ - INFO - Train AUC: 0.668	Test AUC: 0.660
2019-02-17 04:47:03,700 - __main__ - INFO - Train AUC: 0.614	Test AUC: 0.611
2019-02-17 04:49:32,240 - __main__ - INFO - Train AUC: 0.697	Test AUC: 0.688
2019-02-17 04:52:48,396 - __main__ - INFO - Train AUC: 0.700	Test AUC: 0.690
2019-02-17 04:53:36,135 - __main__ - INFO - Train AUC: 0.611	Test AUC: 0.607
2019-02-17 04:57:55,500 - __main__ - INFO - Train AUC: 0.705	Test AUC: 0.692
2019-02-17 04:59:32,741 - __main__ - INFO - Train AUC: 0.676	Test AUC: 0.668
2019-02-17 05:00:42,492 - __main__ - INFO - Train AUC: 0.478	Test AUC: 0.484
2019-02-17 05:05:17,912 - __main__ - INFO - Train AUC: 0.705	Test AUC: 0.695
2019-02-17 05:07:13,840 - __main__ - INFO - Train AUC: 0.696	Test AUC: 0.685
2019-02-17 05:07:34,583 - __main__ - INFO - Train AUC: 0.615	Test AUC: 0.612
2019-02-17 05:10:49,958 - __main__ - INFO - Train AUC: 0.701	Test AUC: 0.691
2019-02-17 05:12:00,166 - __main__ - INFO - Train AUC: 0.614	Test AUC: 0.611
2019-02-17 05:13:04,276 - __main__ - INFO - Train AUC: 0.457	Test AUC: 0.453
2019-02-17 05:14:37,112 - __main__ - INFO - Train AUC: 0.675	Test AUC: 0.666
2019-02-17 05:18:45,123 - __main__ - INFO - Train AUC: 0.704	Test AUC: 0.692
2019-02-17 05:21:13,238 - __main__ - INFO - Train AUC: 0.611	Test AUC: 0.607
2019-02-17 05:22:22,657 - __main__ - INFO - Train AUC: 0.672	Test AUC: 0.665
2019-02-17 05:28:02,694 - __main__ - INFO - Train AUC: 0.699	Test AUC: 0.691
2019-02-17 05:30:36,335 - __main__ - INFO - Train AUC: 0.698	Test AUC: 0.689
2019-02-17 05:38:00,148 - __main__ - INFO - Train AUC: 0.602	Test AUC: 0.600
2019-02-17 05:38:14,198 - __main__ - INFO - Train AUC: 0.615	Test AUC: 0.611
2019-02-17 05:41:30,234 - __main__ - INFO - Train AUC: 0.700	Test AUC: 0.691
2019-02-17 05:42:25,582 - __main__ - INFO - Train AUC: 0.676	Test AUC: 0.668
2019-02-17 05:45:52,359 - __main__ - INFO - Train AUC: 0.700	Test AUC: 0.691
2019-02-17 05:48:56,583 - __main__ - INFO - Train AUC: 0.613	Test AUC: 0.609
2019-02-17 05:51:30,452 - __main__ - INFO - Train AUC: 0.696	Test AUC: 0.686
2019-02-17 06:03:53,828 - __main__ - INFO - Train AUC: 0.606	Test AUC: 0.603
2019-02-17 06:04:51,899 - __main__ - INFO - Train AUC: 0.615	Test AUC: 0.611
2019-02-17 06:09:26,677 - __main__ - INFO - Train AUC: 0.703	Test AUC: 0.692
2019-02-17 06:11:56,406 - __main__ - INFO - Train AUC: 0.615	Test AUC: 0.611
2019-02-17 06:14:37,002 - __main__ - INFO - Train AUC: 0.701	Test AUC: 0.691
2019-02-17 06:15:21,926 - __main__ - INFO - Train AUC: 0.688	Test AUC: 0.678
2019-02-17 06:17:39,757 - __main__ - INFO - Train AUC: 0.690	Test AUC: 0.681
2019-02-17 06:18:14,856 - __main__ - INFO - Train AUC: 0.449	Test AUC: 0.453
2019-02-17 06:22:12,141 - __main__ - INFO - Train AUC: 0.703	Test AUC: 0.692
2019-02-17 06:26:30,274 - __main__ - INFO - Train AUC: 0.692	Test AUC: 0.682
2019-02-17 06:31:08,848 - __main__ - INFO - Train AUC: 0.699	Test AUC: 0.692
2019-02-17 06:34:57,221 - __main__ - INFO - Train AUC: 0.701	Test AUC: 0.691
2019-02-17 06:35:57,218 - __main__ - INFO - Train AUC: 0.615	Test AUC: 0.611
2019-02-17 06:39:00,846 - __main__ - INFO - Train AUC: 0.704	Test AUC: 0.694
2019-02-17 06:40:36,136 - __main__ - INFO - Train AUC: 0.543	Test AUC: 0.545
2019-02-17 06:42:26,055 - __main__ - INFO - Train AUC: 0.696	Test AUC: 0.686
2019-02-17 06:46:07,074 - __main__ - INFO - Train AUC: 0.615	Test AUC: 0.610
2019-02-17 06:46:18,135 - __main__ - INFO - Train AUC: 0.672	Test AUC: 0.664
2019-02-17 06:47:45,887 - __main__ - INFO - Train AUC: 0.679	Test AUC: 0.670
2019-02-17 06:51:50,204 - __main__ - INFO - Train AUC: 0.695	Test AUC: 0.689
2019-02-17 06:53:21,959 - __main__ - INFO - Train AUC: 0.672	Test AUC: 0.664
2019-02-17 06:58:41,369 - __main__ - INFO - Train AUC: 0.609	Test AUC: 0.606
2019-02-17 07:01:25,364 - __main__ - INFO - Train AUC: 0.700	Test AUC: 0.691
2019-02-17 07:03:05,491 - __main__ - INFO - Train AUC: 0.678	Test AUC: 0.668
2019-02-17 07:05:49,546 - __main__ - INFO - Train AUC: 0.699	Test AUC: 0.690
2019-02-17 07:09:19,301 - __main__ - INFO - Train AUC: 0.613	Test AUC: 0.609
2019-02-17 07:11:11,447 - __main__ - INFO - Train AUC: 0.694	Test AUC: 0.684
2019-02-17 07:14:59,003 - __main__ - INFO - Train AUC: 0.703	Test AUC: 0.693
2019-02-17 07:16:23,736 - __main__ - INFO - Train AUC: 0.605	Test AUC: 0.601
2019-02-17 07:18:10,289 - __main__ - INFO - Train AUC: 0.684	Test AUC: 0.674
2019-02-17 07:26:04,083 - __main__ - INFO - Train AUC: 0.708	Test AUC: 0.693
2019-02-17 07:29:20,527 - __main__ - INFO - Train AUC: 0.615	Test AUC: 0.612
2019-02-17 07:33:46,533 - __main__ - INFO - Train AUC: 0.693	Test AUC: 0.682
2019-02-17 07:37:18,296 - __main__ - INFO - Train AUC: 0.702	Test AUC: 0.692
2019-02-17 07:38:30,089 - __main__ - INFO - Train AUC: 0.613	Test AUC: 0.608
2019-02-17 07:42:57,016 - __main__ - INFO - Train AUC: 0.602	Test AUC: 0.597
2019-02-17 07:47:04,800 - __main__ - INFO - Train AUC: 0.704	Test AUC: 0.693
2019-02-17 07:50:10,923 - __main__ - INFO - Train AUC: 0.690	Test AUC: 0.682
2019-02-17 07:53:11,340 - __main__ - INFO - Train AUC: 0.702	Test AUC: 0.692
2019-02-17 07:53:19,510 - __main__ - INFO - Train AUC: 0.613	Test AUC: 0.608
2019-02-17 07:54:02,583 - __main__ - INFO - Train AUC: 0.670	Test AUC: 0.663
2019-02-17 07:56:25,853 - __main__ - INFO - Train AUC: 0.696	Test AUC: 0.688
2019-02-17 08:10:46,222 - __main__ - INFO - Train AUC: 0.600	Test AUC: 0.596
2019-02-17 08:12:44,605 - __main__ - INFO - Train AUC: 0.611	Test AUC: 0.607
2019-02-17 08:15:34,450 - __main__ - INFO - Train AUC: 0.699	Test AUC: 0.690
2019-02-17 08:17:17,660 - __main__ - INFO - Train AUC: 0.678	Test AUC: 0.669
2019-02-17 08:20:19,931 - __main__ - INFO - Train AUC: 0.693	Test AUC: 0.685
2019-02-17 08:25:25,465 - __main__ - INFO - Train AUC: 0.707	Test AUC: 0.695
2019-02-17 08:27:40,497 - __main__ - INFO - Train AUC: 0.695	Test AUC: 0.684
2019-02-17 08:34:22,851 - __main__ - INFO - Train AUC: 0.607	Test AUC: 0.603
2019-02-17 08:34:50,628 - __main__ - INFO - Train AUC: 0.680	Test AUC: 0.670
2019-02-17 08:37:03,136 - __main__ - INFO - Train AUC: 0.696	Test AUC: 0.689
2019-02-17 08:38:50,295 - __main__ - INFO - Train AUC: 0.614	Test AUC: 0.610
2019-02-17 08:42:00,442 - __main__ - INFO - Train AUC: 0.704	Test AUC: 0.692
2019-02-17 08:45:08,347 - __main__ - INFO - Train AUC: 0.685	Test AUC: 0.675
2019-02-17 08:51:50,187 - __main__ - INFO - Train AUC: 0.700	Test AUC: 0.692
2019-02-17 08:52:50,836 - __main__ - INFO - Train AUC: 0.557	Test AUC: 0.557
2019-02-17 08:55:03,545 - __main__ - INFO - Train AUC: 0.692	Test AUC: 0.682
2019-02-17 08:57:29,186 - __main__ - INFO - Train AUC: 0.614	Test AUC: 0.611
2019-02-17 09:00:29,240 - __main__ - INFO - Train AUC: 0.702	Test AUC: 0.693
2019-02-17 09:02:47,247 - __main__ - INFO - Train AUC: 0.696	Test AUC: 0.686
2019-02-17 09:06:46,234 - __main__ - INFO - Train AUC: 0.613	Test AUC: 0.609
2019-02-17 09:07:00,223 - __main__ - INFO - Train AUC: 0.672	Test AUC: 0.664
2019-02-17 09:07:50,444 - __main__ - INFO - Train AUC: 0.591	Test AUC: 0.591
2019-02-17 09:10:30,006 - __main__ - INFO - Train AUC: 0.692	Test AUC: 0.685
2019-02-17 09:12:39,454 - __main__ - INFO - Train AUC: 0.681	Test AUC: 0.672
2019-02-17 09:17:13,957 - __main__ - INFO - Train AUC: 0.706	Test AUC: 0.694
2019-02-17 09:18:18,401 - __main__ - INFO - Train AUC: 0.615	Test AUC: 0.611
2019-02-17 09:22:36,953 - __main__ - INFO - Train AUC: 0.704	Test AUC: 0.693
2019-02-17 09:28:03,755 - __main__ - INFO - Train AUC: 0.704	Test AUC: 0.692
2019-02-17 09:28:42,315 - __main__ - INFO - Train AUC: 0.583	Test AUC: 0.587
2019-02-17 09:33:06,886 - __main__ - INFO - Train AUC: 0.703	Test AUC: 0.694
2019-02-17 09:33:23,388 - __main__ - INFO - Train AUC: 0.673	Test AUC: 0.665
2019-02-17 09:35:09,613 - __main__ - INFO - Train AUC: 0.615	Test AUC: 0.612
2019-02-17 09:38:57,036 - __main__ - INFO - Train AUC: 0.704	Test AUC: 0.694
2019-02-17 09:41:56,782 - __main__ - INFO - Train AUC: 0.700	Test AUC: 0.692
2019-02-17 09:44:01,774 - __main__ - INFO - Train AUC: 0.613	Test AUC: 0.610
2019-02-17 09:47:26,394 - __main__ - INFO - Train AUC: 0.692	Test AUC: 0.681
2019-02-17 09:48:35,087 - __main__ - INFO - Train AUC: 0.572	Test AUC: 0.569
2019-02-17 09:53:35,531 - __main__ - INFO - Train AUC: 0.707	Test AUC: 0.695
2019-02-17 09:56:38,075 - __main__ - INFO - Train AUC: 0.612	Test AUC: 0.608
2019-02-17 09:58:47,411 - __main__ - INFO - Train AUC: 0.696	Test AUC: 0.685
2019-02-17 10:03:53,900 - __main__ - INFO - Train AUC: 0.700	Test AUC: 0.692
2019-02-17 10:04:32,442 - __main__ - INFO - Train AUC: 0.681	Test AUC: 0.671
2019-02-17 10:08:19,309 - __main__ - INFO - Train AUC: 0.705	Test AUC: 0.693
2019-02-17 10:13:58,731 - __main__ - INFO - Train AUC: 0.605	Test AUC: 0.601
2019-02-17 10:17:19,459 - __main__ - INFO - Train AUC: 0.701	Test AUC: 0.691
2019-02-17 10:20:30,610 - __main__ - INFO - Train AUC: 0.685	Test AUC: 0.675
2019-02-17 10:24:27,973 - __main__ - INFO - Train AUC: 0.702	Test AUC: 0.693
2019-02-17 10:27:52,214 - __main__ - INFO - Train AUC: 0.613	Test AUC: 0.608
2019-02-17 10:32:28,256 - __main__ - INFO - Train AUC: 0.696	Test AUC: 0.684
2019-02-17 10:34:40,900 - __main__ - INFO - Train AUC: 0.697	Test AUC: 0.690
2019-02-17 10:45:40,819 - __main__ - INFO - Train AUC: 0.604	Test AUC: 0.599
2019-02-17 10:49:14,915 - __main__ - INFO - Train AUC: 0.691	Test AUC: 0.683
2019-02-17 10:51:44,257 - __main__ - INFO - Train AUC: 0.615	Test AUC: 0.612
2019-02-17 10:52:00,911 - __main__ - INFO - Train AUC: 0.675	Test AUC: 0.667
2019-02-17 10:53:26,204 - __main__ - INFO - Train AUC: 0.678	Test AUC: 0.669
2019-02-17 10:56:26,335 - __main__ - INFO - Train AUC: 0.701	Test AUC: 0.692
2019-02-17 11:00:18,470 - __main__ - INFO - Train AUC: 0.702	Test AUC: 0.691
2019-02-17 11:02:46,880 - __main__ - INFO - Train AUC: 0.699	Test AUC: 0.691
2019-02-17 11:08:29,734 - __main__ - INFO - Train AUC: 0.706	Test AUC: 0.693
2019-02-17 11:11:29,830 - __main__ - INFO - Train AUC: 0.700	Test AUC: 0.691
2019-02-17 11:13:58,239 - __main__ - INFO - Train AUC: 0.698	Test AUC: 0.689
2019-02-17 11:17:45,599 - __main__ - INFO - Train AUC: 0.702	Test AUC: 0.691
2019-02-17 11:20:29,589 - __main__ - INFO - Train AUC: 0.696	Test AUC: 0.687
2019-02-17 11:25:13,704 - __main__ - INFO - Train AUC: 0.705	Test AUC: 0.694
2019-02-17 11:27:36,923 - __main__ - INFO - Train AUC: 0.697	Test AUC: 0.689
2019-02-17 11:31:29,013 - __main__ - INFO - Train AUC: 0.704	Test AUC: 0.694
2019-02-17 11:35:15,731 - __main__ - INFO - Train AUC: 0.704	Test AUC: 0.693
2019-02-17 11:38:30,857 - __main__ - INFO - Train AUC: 0.700	Test AUC: 0.691
2019-02-17 11:42:17,889 - __main__ - INFO - Train AUC: 0.704	Test AUC: 0.694
2019-02-17 11:45:49,145 - __main__ - INFO - Train AUC: 0.704	Test AUC: 0.693
2019-02-17 11:50:01,788 - __main__ - INFO - Train AUC: 0.705	Test AUC: 0.694
2019-02-17 11:53:59,150 - __main__ - INFO - Train AUC: 0.704	Test AUC: 0.694
2019-02-17 11:57:35,952 - __main__ - INFO - Train AUC: 0.703	Test AUC: 0.692
2019-02-17 12:01:22,778 - __main__ - INFO - Train AUC: 0.704	Test AUC: 0.694
2019-02-17 12:05:19,762 - __main__ - INFO - Train AUC: 0.704	Test AUC: 0.693
2019-02-17 12:08:51,287 - __main__ - INFO - Train AUC: 0.704	Test AUC: 0.693
2019-02-17 12:10:32,825 - __main__ - INFO - Train AUC: 0.676	Test AUC: 0.668
2019-02-17 12:16:51,301 - __main__ - INFO - Train AUC: 0.708	Test AUC: 0.694
2019-02-17 12:18:59,262 - __main__ - INFO - Train AUC: 0.682	Test AUC: 0.672
2019-02-17 12:25:00,099 - __main__ - INFO - Train AUC: 0.616	Test AUC: 0.611
2019-02-17 12:28:53,890 - __main__ - INFO - Train AUC: 0.704	Test AUC: 0.694
2019-02-17 12:31:57,341 - __main__ - INFO - Train AUC: 0.700	Test AUC: 0.690
2019-02-17 12:36:46,595 - __main__ - INFO - Train AUC: 0.699	Test AUC: 0.691
2019-02-17 12:37:00,432 - __main__ - INFO - Train AUC: 0.670	Test AUC: 0.662
2019-02-17 12:40:47,576 - __main__ - INFO - Train AUC: 0.705	Test AUC: 0.694
2019-02-17 12:41:17,670 - __main__ - INFO - Train AUC: 0.614	Test AUC: 0.609
2019-02-17 12:52:45,633 - __main__ - INFO - Train AUC: 0.593	Test AUC: 0.589
2019-02-17 12:54:54,374 - __main__ - INFO - Train AUC: 0.679	Test AUC: 0.670
2019-02-17 12:58:20,095 - __main__ - INFO - Train AUC: 0.701	Test AUC: 0.692
2019-02-17 12:59:57,895 - __main__ - INFO - Train AUC: 0.608	Test AUC: 0.604
2019-02-17 13:02:06,305 - __main__ - INFO - Train AUC: 0.684	Test AUC: 0.674
2019-02-17 13:04:56,003 - __main__ - INFO - Train AUC: 0.700	Test AUC: 0.690
2019-02-17 13:08:04,056 - __main__ - INFO - Train AUC: 0.695	Test AUC: 0.688
2019-02-17 13:09:33,404 - __main__ - INFO - Train AUC: 0.690	Test AUC: 0.681
2019-02-17 13:10:37,938 - __main__ - INFO - Train AUC: 0.581	Test AUC: 0.576
2019-02-17 13:10:48,796 - __main__ - INFO - Train AUC: 0.615	Test AUC: 0.610
2019-02-17 13:14:09,776 - __main__ - INFO - Train AUC: 0.702	Test AUC: 0.692
2019-02-17 13:14:59,515 - __main__ - INFO - Train AUC: 0.672	Test AUC: 0.664
2019-02-17 13:17:59,642 - __main__ - INFO - Train AUC: 0.700	Test AUC: 0.691
2019-02-17 13:23:59,952 - __main__ - INFO - Train AUC: 0.615	Test AUC: 0.611
2019-02-17 13:27:20,591 - __main__ - INFO - Train AUC: 0.700	Test AUC: 0.691
2019-02-17 13:31:28,287 - __main__ - INFO - Train AUC: 0.705	Test AUC: 0.693
2019-02-17 13:37:31,484 - __main__ - INFO - Train AUC: 0.600	Test AUC: 0.597
2019-02-17 13:43:29,500 - __main__ - INFO - Train AUC: 0.700	Test AUC: 0.692
2019-02-17 13:44:42,869 - __main__ - INFO - Train AUC: 0.615	Test AUC: 0.610
2019-02-17 13:46:55,238 - __main__ - INFO - Train AUC: 0.699	Test AUC: 0.690
2019-02-17 13:49:50,452 - __main__ - INFO - Train AUC: 0.701	Test AUC: 0.692
2019-02-17 13:50:02,258 - __main__ - INFO - Train AUC: 0.671	Test AUC: 0.664
2019-02-17 13:54:52,041 - __main__ - INFO - Train AUC: 0.705	Test AUC: 0.694
2019-02-17 13:56:08,511 - __main__ - INFO - Train AUC: 0.613	Test AUC: 0.608
2019-02-17 13:57:17,891 - __main__ - INFO - Train AUC: 0.574	Test AUC: 0.577
2019-02-17 14:02:45,162 - __main__ - INFO - Train AUC: 0.704	Test AUC: 0.694
2019-02-17 14:04:08,375 - __main__ - INFO - Train AUC: 0.615	Test AUC: 0.610
2019-02-17 14:07:29,157 - __main__ - INFO - Train AUC: 0.703	Test AUC: 0.693
2019-02-17 14:08:28,641 - __main__ - INFO - Train AUC: 0.671	Test AUC: 0.663
2019-02-17 14:09:32,210 - __main__ - INFO - Train AUC: 0.610	Test AUC: 0.604
2019-02-17 14:12:42,280 - __main__ - INFO - Train AUC: 0.702	Test AUC: 0.692
2019-02-17 14:16:18,768 - __main__ - INFO - Train AUC: 0.701	Test AUC: 0.691
2019-02-17 14:20:47,835 - __main__ - INFO - Train AUC: 0.605	Test AUC: 0.600
2019-02-17 14:21:26,612 - __main__ - INFO - Train AUC: 0.616	Test AUC: 0.611
2019-02-17 14:25:08,857 - __main__ - INFO - Train AUC: 0.703	Test AUC: 0.694
2019-02-17 14:26:16,657 - __main__ - INFO - Train AUC: 0.678	Test AUC: 0.668
2019-02-17 14:30:48,295 - __main__ - INFO - Train AUC: 0.699	Test AUC: 0.692
2019-02-17 14:33:42,380 - __main__ - INFO - Train AUC: 0.698	Test AUC: 0.689
2019-02-17 14:35:06,678 - __main__ - INFO - Train AUC: 0.675	Test AUC: 0.666
2019-02-17 14:36:14,946 - __main__ - INFO - Train AUC: 0.614	Test AUC: 0.610
2019-02-17 14:36:55,886 - __main__ - INFO - Train AUC: 0.420	Test AUC: 0.423
2019-02-17 14:42:43,736 - __main__ - INFO - Train AUC: 0.709	Test AUC: 0.696
2019-02-17 14:47:08,119 - __main__ - INFO - Train AUC: 0.705	Test AUC: 0.695
2019-02-17 14:52:03,088 - __main__ - INFO - Train AUC: 0.616	Test AUC: 0.611
2019-02-17 14:55:10,760 - __main__ - INFO - Train AUC: 0.705	Test AUC: 0.694
2019-02-17 14:57:29,294 - __main__ - INFO - Train AUC: 0.698	Test AUC: 0.690
2019-02-17 14:57:43,819 - __main__ - INFO - Train AUC: 0.615	Test AUC: 0.611
2019-02-17 15:00:44,320 - __main__ - INFO - Train AUC: 0.700	Test AUC: 0.691
2019-02-17 15:04:45,971 - __main__ - INFO - Train AUC: 0.599	Test AUC: 0.596
2019-02-17 15:06:50,846 - __main__ - INFO - Train AUC: 0.615	Test AUC: 0.611
2019-02-17 15:08:36,533 - __main__ - INFO - Train AUC: 0.676	Test AUC: 0.667
2019-02-17 15:11:31,196 - __main__ - INFO - Train AUC: 0.701	Test AUC: 0.691
2019-02-17 15:14:36,528 - __main__ - INFO - Train AUC: 0.701	Test AUC: 0.691
2019-02-17 15:18:11,345 - __main__ - INFO - Train AUC: 0.615	Test AUC: 0.611
2019-02-17 15:21:16,712 - __main__ - INFO - Train AUC: 0.702	Test AUC: 0.692
2019-02-17 15:24:33,105 - __main__ - INFO - Train AUC: 0.700	Test AUC: 0.690
2019-02-17 15:30:06,337 - __main__ - INFO - Train AUC: 0.607	Test AUC: 0.604
2019-02-17 15:33:11,267 - __main__ - INFO - Train AUC: 0.699	Test AUC: 0.690
2019-02-17 15:33:32,907 - __main__ - INFO - Train AUC: 0.676	Test AUC: 0.667
2019-02-17 15:34:19,791 - __main__ - INFO - Train AUC: 0.615	Test AUC: 0.612
2019-02-17 15:35:56,204 - __main__ - INFO - Train AUC: 0.687	Test AUC: 0.678
2019-02-17 15:39:27,794 - __main__ - INFO - Train AUC: 0.702	Test AUC: 0.691
2019-02-17 15:44:40,410 - __main__ - INFO - Train AUC: 0.692	Test AUC: 0.681
2019-02-17 15:47:40,609 - __main__ - INFO - Train AUC: 0.699	Test AUC: 0.690
2019-02-17 15:51:27,192 - __main__ - INFO - Train AUC: 0.614	Test AUC: 0.610
2019-02-17 15:52:18,379 - __main__ - INFO - Train AUC: 0.530	Test AUC: 0.526
2019-02-17 15:58:21,445 - __main__ - INFO - Train AUC: 0.699	Test AUC: 0.691
2019-02-17 16:05:37,373 - __main__ - INFO - Train AUC: 0.710	Test AUC: 0.693
2019-02-17 16:05:37,375 - __main__ - INFO - ------------ Optimal Parameter Space ------------
2019-02-17 16:05:37,375 - __main__ - INFO - ann__batch_size:                                          620
2019-02-17 16:05:37,375 - __main__ - INFO - ann__momentum:                            0.12436708902570673
2019-02-17 16:05:37,375 - __main__ - INFO - ann__hidden_layer_sizes:                      (100, 100, 100)
2019-02-17 16:05:37,375 - __main__ - INFO - ann__activation:                                         relu
2019-02-17 16:05:37,375 - __main__ - INFO - ann__alpha:                            0.00019986424429604055
2019-02-17 16:05:37,375 - __main__ - INFO - ann__solver:                                             adam
2019-02-17 16:09:51,543 - __main__ - INFO - Approximate score: 0.7
