2019-02-11 11:01:12,714 - __main__ - INFO - ================= Start new run =================
2019-02-11 11:01:40,628 - __main__ - INFO - ================= Start new run =================
2019-02-11 11:01:40,628 - __main__ - INFO - ================= Start new run =================
2019-02-11 11:01:44,831 - __main__ - INFO - Train AUC: 0.612	Test AUC: 0.612
2019-02-11 11:01:44,831 - __main__ - INFO - Train AUC: 0.612	Test AUC: 0.612
2019-02-11 11:02:00,727 - __main__ - INFO - Train AUC: 0.612	Test AUC: 0.612
2019-02-11 11:02:00,727 - __main__ - INFO - Train AUC: 0.612	Test AUC: 0.612
2019-02-11 11:02:02,093 - __main__ - INFO - Train AUC: 0.612	Test AUC: 0.612
2019-02-11 11:02:02,093 - __main__ - INFO - Train AUC: 0.612	Test AUC: 0.612
2019-02-11 11:02:19,895 - __main__ - INFO - Train AUC: 0.612	Test AUC: 0.612
2019-02-11 11:02:19,895 - __main__ - INFO - Train AUC: 0.612	Test AUC: 0.612
2019-02-11 11:02:31,325 - __main__ - INFO - Train AUC: 0.612	Test AUC: 0.612
2019-02-11 11:02:31,325 - __main__ - INFO - Train AUC: 0.612	Test AUC: 0.612
2019-02-11 11:02:37,107 - __main__ - INFO - Train AUC: 0.612	Test AUC: 0.612
2019-02-11 11:02:37,107 - __main__ - INFO - Train AUC: 0.612	Test AUC: 0.612
2019-02-11 11:02:37,820 - __main__ - INFO - Train AUC: 0.611	Test AUC: 0.611
2019-02-11 11:02:37,820 - __main__ - INFO - Train AUC: 0.611	Test AUC: 0.611
2019-02-11 11:02:38,641 - __main__ - INFO - Train AUC: 0.612	Test AUC: 0.612
2019-02-11 11:02:38,641 - __main__ - INFO - Train AUC: 0.612	Test AUC: 0.612
2019-02-11 11:02:57,118 - __main__ - INFO - Train AUC: 0.612	Test AUC: 0.612
2019-02-11 11:02:57,118 - __main__ - INFO - Train AUC: 0.612	Test AUC: 0.612
2019-02-11 11:02:58,333 - __main__ - INFO - Train AUC: 0.612	Test AUC: 0.612
2019-02-11 11:02:58,333 - __main__ - INFO - Train AUC: 0.612	Test AUC: 0.612
2019-02-11 11:02:58,335 - __main__ - INFO - ------------ Optimal Parameter Space ------------
2019-02-11 11:02:58,335 - __main__ - INFO - ------------ Optimal Parameter Space ------------
2019-02-11 11:02:58,335 - __main__ - INFO - logit__C            :	0.34263
2019-02-11 11:02:58,335 - __main__ - INFO - logit__C            :	0.34263
2019-02-11 11:07:54,474 - __main__ - INFO - ------------ Optimal Parameter Space ------------
2019-02-11 11:07:54,474 - __main__ - INFO - ------------ Optimal Parameter Space ------------
2019-02-11 11:07:55,917 - __main__ - INFO - logit__C            :	0.34263
2019-02-11 11:07:55,917 - __main__ - INFO - logit__C            :	0.34263
2019-02-11 11:08:08,780 - __main__ - INFO - ------------ Optimal Parameter Space ------------
2019-02-11 11:08:08,780 - __main__ - INFO - ------------ Optimal Parameter Space ------------
2019-02-11 11:08:09,075 - __main__ - INFO - logit__C            :	0.34263
2019-02-11 11:08:09,075 - __main__ - INFO - logit__C            :	0.34263
2019-02-11 11:08:09,077 - __main__ - INFO - logit__penalty      :	1.0
2019-02-11 11:08:09,077 - __main__ - INFO - logit__penalty      :	1.0
2019-02-11 11:10:05,405 - __main__ - INFO - ================= Start new run =================
2019-02-11 11:10:12,583 - __main__ - INFO - Train AUC: 0.614	Test AUC: 0.606
2019-02-11 11:10:16,520 - __main__ - INFO - Train AUC: 0.614	Test AUC: 0.606
2019-02-11 11:10:20,352 - __main__ - INFO - Train AUC: 0.614	Test AUC: 0.606
2019-02-11 11:10:24,186 - __main__ - INFO - Train AUC: 0.614	Test AUC: 0.606
2019-02-11 11:10:28,122 - __main__ - INFO - Train AUC: 0.614	Test AUC: 0.606
2019-02-11 11:13:09,702 - __main__ - INFO - ================= Start new run =================
2019-02-11 11:13:16,869 - __main__ - INFO - Train AUC: 0.612	Test AUC: 0.613
2019-02-11 11:13:21,708 - __main__ - INFO - Train AUC: 0.612	Test AUC: 0.613
2019-02-11 11:13:25,839 - __main__ - INFO - Train AUC: 0.612	Test AUC: 0.613
2019-02-11 11:13:30,973 - __main__ - INFO - Train AUC: 0.612	Test AUC: 0.613
2019-02-11 11:13:36,228 - __main__ - INFO - Train AUC: 0.612	Test AUC: 0.613
2019-02-11 11:13:40,501 - __main__ - INFO - Train AUC: 0.612	Test AUC: 0.613
2019-02-11 11:13:45,344 - __main__ - INFO - Train AUC: 0.612	Test AUC: 0.613
2019-02-11 11:13:49,582 - __main__ - INFO - Train AUC: 0.612	Test AUC: 0.613
2019-02-11 11:13:53,921 - __main__ - INFO - Train AUC: 0.612	Test AUC: 0.613
2019-02-11 11:13:58,151 - __main__ - INFO - Train AUC: 0.612	Test AUC: 0.613
2019-02-11 11:13:58,152 - __main__ - INFO - ------------ Optimal Parameter Space ------------
2019-02-11 11:13:58,152 - __main__ - INFO - logit__C            :	0.70695
2019-02-11 11:13:58,152 - __main__ - INFO - logit__penalty      :	1.0
2019-02-11 11:17:31,702 - __main__ - INFO - ================= Start new run =================
2019-02-11 11:17:56,693 - __main__ - INFO - ================= Start new run =================
2019-02-11 11:18:38,209 - __main__ - INFO - Train AUC: 0.611	Test AUC: 0.616
2019-02-11 11:19:06,089 - __main__ - INFO - Train AUC: 0.611	Test AUC: 0.616
2019-02-11 11:19:17,348 - __main__ - INFO - Train AUC: 0.611	Test AUC: 0.616
2019-02-11 11:19:51,937 - __main__ - INFO - Train AUC: 0.611	Test AUC: 0.616
2019-02-11 11:20:01,287 - __main__ - INFO - Train AUC: 0.611	Test AUC: 0.616
2019-02-11 11:20:39,884 - __main__ - INFO - Train AUC: 0.611	Test AUC: 0.616
2019-02-11 11:21:18,685 - __main__ - INFO - Train AUC: 0.611	Test AUC: 0.616
2019-02-11 11:22:01,284 - __main__ - INFO - Train AUC: 0.611	Test AUC: 0.616
2019-02-11 11:22:40,279 - __main__ - INFO - Train AUC: 0.611	Test AUC: 0.616
2019-02-11 11:23:19,076 - __main__ - INFO - Train AUC: 0.611	Test AUC: 0.616
2019-02-11 11:26:44,762 - __main__ - INFO - ================= Start new run =================
2019-02-11 11:28:18,228 - __main__ - INFO - Train AUC: 0.613	Test AUC: 0.610
2019-02-11 11:55:48,122 - __main__ - INFO - ================= Start new run =================
2019-02-11 11:56:17,528 - __main__ - INFO - Train AUC: 0.612	Test AUC: 0.611
2019-02-11 11:57:06,435 - __main__ - INFO - Train AUC: 0.612	Test AUC: 0.611
2019-02-11 11:57:31,416 - __main__ - INFO - Train AUC: 0.612	Test AUC: 0.611
2019-02-11 11:58:08,016 - __main__ - INFO - Train AUC: 0.612	Test AUC: 0.612
2019-02-11 11:58:34,383 - __main__ - INFO - Train AUC: 0.612	Test AUC: 0.611
2019-02-11 11:59:10,976 - __main__ - INFO - Train AUC: 0.612	Test AUC: 0.612
2019-02-11 11:59:36,346 - __main__ - INFO - Train AUC: 0.612	Test AUC: 0.611
2019-02-11 12:00:25,969 - __main__ - INFO - Train AUC: 0.612	Test AUC: 0.611
2019-02-11 12:00:51,240 - __main__ - INFO - Train AUC: 0.612	Test AUC: 0.611
2019-02-11 12:01:15,912 - __main__ - INFO - Train AUC: 0.612	Test AUC: 0.611
2019-02-11 12:01:15,914 - __main__ - INFO - ------------ Optimal Parameter Space ------------
2019-02-11 12:01:15,915 - __main__ - INFO - logit__C            :	0.19227
2019-02-11 12:26:31,436 - __main__ - INFO - logit__C            :	0.34263
2019-02-11 12:26:31,436 - __main__ - INFO - logit__C            :	0.34263
2019-02-11 12:26:51,183 - __main__ - INFO - ------------ Optimal Parameter Space ------------
2019-02-11 12:26:51,183 - __main__ - INFO - ------------ Optimal Parameter Space ------------
2019-02-11 12:26:52,854 - __main__ - INFO - logit__C            :	0.34263
2019-02-11 12:26:52,854 - __main__ - INFO - logit__C            :	0.34263
2019-02-11 12:26:52,857 - __main__ - INFO - logit__penalty      :	l2
2019-02-11 12:26:52,857 - __main__ - INFO - logit__penalty      :	l2
2019-02-11 18:30:21,011 - __main__ - INFO - ================= Start new run =================
2019-02-11 18:30:21,011 - __main__ - INFO - Predictions will be saved at predictions/logit_predictions20190211_1830.csv
2019-02-11 18:30:51,850 - __main__ - INFO - Train AUC: 0.612	Test AUC: 0.612
2019-02-11 18:31:22,849 - __main__ - INFO - Train AUC: 0.612	Test AUC: 0.612
2019-02-11 18:31:53,720 - __main__ - INFO - Train AUC: 0.612	Test AUC: 0.612
2019-02-11 18:32:37,905 - __main__ - INFO - Train AUC: 0.612	Test AUC: 0.612
2019-02-11 18:33:37,434 - __main__ - INFO - Train AUC: 0.612	Test AUC: 0.612
2019-02-11 18:35:19,433 - __main__ - INFO - Train AUC: 0.612	Test AUC: 0.612
2019-02-11 18:35:45,704 - __main__ - INFO - Train AUC: 0.612	Test AUC: 0.612
2019-02-11 18:36:44,431 - __main__ - INFO - Train AUC: 0.612	Test AUC: 0.612
2019-02-11 18:37:41,356 - __main__ - INFO - Train AUC: 0.612	Test AUC: 0.612
2019-02-11 18:38:16,038 - __main__ - INFO - Train AUC: 0.612	Test AUC: 0.612
2019-02-11 18:38:16,039 - __main__ - INFO - ------------ Optimal Parameter Space ------------
2019-02-11 18:38:16,039 - __main__ - INFO - logit__C            :	0.18044
2019-02-11 18:38:16,039 - __main__ - INFO - logit__penalty      :	l1
2019-02-12 12:14:21,533 - models.logistic - INFO - ================= Start new run =================
2019-02-12 12:14:21,534 - models.logistic - INFO - predictions/logit_predictions20190212_1214.csv
2019-02-12 12:14:25,321 - models.logistic - INFO - Train AUC: 0.619	Test AUC: 0.620
2019-02-12 12:14:25,322 - models.logistic - INFO - ------------ Optimal Parameter Space ------------
2019-02-12 12:14:25,323 - models.logistic - INFO - logit__C            :	0.92095
2019-02-12 12:14:25,323 - models.logistic - INFO - logit__penalty      :	l1
2019-02-12 12:15:02,960 - models.logistic - INFO - Approximate score: 0.598
